[1.516s] Invoking command in '/home/jiyoungseo/snuboat_ws/src/snuboat_nav': PYTHONPATH=/home/jiyoungseo/snuboat_ws/build/snuboat_nav/prefix_override:/home/jiyoungseo/snuboat_ws/install/snuboat_nav/lib/python3.10/site-packages:${PYTHONPATH} /usr/bin/python3 setup.py egg_info --egg-base ../../build/snuboat_nav build --build-base /home/jiyoungseo/snuboat_ws/build/snuboat_nav/build install --record /home/jiyoungseo/snuboat_ws/build/snuboat_nav/install.log --single-version-externally-managed
[1.905s] running egg_info
[1.906s] creating ../../build/snuboat_nav/snuboat_nav.egg-info
[1.906s] writing ../../build/snuboat_nav/snuboat_nav.egg-info/PKG-INFO
[1.906s] writing dependency_links to ../../build/snuboat_nav/snuboat_nav.egg-info/dependency_links.txt
[1.906s] writing entry points to ../../build/snuboat_nav/snuboat_nav.egg-info/entry_points.txt
[1.906s] writing requirements to ../../build/snuboat_nav/snuboat_nav.egg-info/requires.txt
[1.906s] writing top-level names to ../../build/snuboat_nav/snuboat_nav.egg-info/top_level.txt
[1.907s] writing manifest file '../../build/snuboat_nav/snuboat_nav.egg-info/SOURCES.txt'
[1.907s] reading manifest file '../../build/snuboat_nav/snuboat_nav.egg-info/SOURCES.txt'
[1.908s] writing manifest file '../../build/snuboat_nav/snuboat_nav.egg-info/SOURCES.txt'
[1.908s] running build
[1.908s] running build_py
[1.908s] creating /home/jiyoungseo/snuboat_ws/build/snuboat_nav/build
[1.908s] creating /home/jiyoungseo/snuboat_ws/build/snuboat_nav/build/lib
[1.908s] creating /home/jiyoungseo/snuboat_ws/build/snuboat_nav/build/lib/snuboat_nav
[1.908s] copying snuboat_nav/lidar_converter.py -> /home/jiyoungseo/snuboat_ws/build/snuboat_nav/build/lib/snuboat_nav
[1.908s] copying snuboat_nav/differentiater.py -> /home/jiyoungseo/snuboat_ws/build/snuboat_nav/build/lib/snuboat_nav
[1.908s] copying snuboat_nav/__init__.py -> /home/jiyoungseo/snuboat_ws/build/snuboat_nav/build/lib/snuboat_nav
[1.908s] copying snuboat_nav/dummy_gps_publisher.py -> /home/jiyoungseo/snuboat_ws/build/snuboat_nav/build/lib/snuboat_nav
[1.908s] copying snuboat_nav/obstacle_avoidance.py -> /home/jiyoungseo/snuboat_ws/build/snuboat_nav/build/lib/snuboat_nav
[1.908s] copying snuboat_nav/dummy_enu_publisher.py -> /home/jiyoungseo/snuboat_ws/build/snuboat_nav/build/lib/snuboat_nav
[1.909s] copying snuboat_nav/gnss_converter.py -> /home/jiyoungseo/snuboat_ws/build/snuboat_nav/build/lib/snuboat_nav
[1.909s] copying snuboat_nav/pwm_converter.py -> /home/jiyoungseo/snuboat_ws/build/snuboat_nav/build/lib/snuboat_nav
[1.909s] copying snuboat_nav/dummy_des_publisher.py -> /home/jiyoungseo/snuboat_ws/build/snuboat_nav/build/lib/snuboat_nav
[1.909s] running install
[1.909s] running install_lib
[1.909s] creating /home/jiyoungseo/snuboat_ws/install/snuboat_nav/lib/python3.10/site-packages/snuboat_nav
[1.909s] copying /home/jiyoungseo/snuboat_ws/build/snuboat_nav/build/lib/snuboat_nav/lidar_converter.py -> /home/jiyoungseo/snuboat_ws/install/snuboat_nav/lib/python3.10/site-packages/snuboat_nav
[1.909s] copying /home/jiyoungseo/snuboat_ws/build/snuboat_nav/build/lib/snuboat_nav/differentiater.py -> /home/jiyoungseo/snuboat_ws/install/snuboat_nav/lib/python3.10/site-packages/snuboat_nav
[1.910s] copying /home/jiyoungseo/snuboat_ws/build/snuboat_nav/build/lib/snuboat_nav/__init__.py -> /home/jiyoungseo/snuboat_ws/install/snuboat_nav/lib/python3.10/site-packages/snuboat_nav
[1.910s] copying /home/jiyoungseo/snuboat_ws/build/snuboat_nav/build/lib/snuboat_nav/dummy_gps_publisher.py -> /home/jiyoungseo/snuboat_ws/install/snuboat_nav/lib/python3.10/site-packages/snuboat_nav
[1.910s] copying /home/jiyoungseo/snuboat_ws/build/snuboat_nav/build/lib/snuboat_nav/obstacle_avoidance.py -> /home/jiyoungseo/snuboat_ws/install/snuboat_nav/lib/python3.10/site-packages/snuboat_nav
[1.910s] copying /home/jiyoungseo/snuboat_ws/build/snuboat_nav/build/lib/snuboat_nav/dummy_enu_publisher.py -> /home/jiyoungseo/snuboat_ws/install/snuboat_nav/lib/python3.10/site-packages/snuboat_nav
[1.910s] copying /home/jiyoungseo/snuboat_ws/build/snuboat_nav/build/lib/snuboat_nav/gnss_converter.py -> /home/jiyoungseo/snuboat_ws/install/snuboat_nav/lib/python3.10/site-packages/snuboat_nav
[1.910s] copying /home/jiyoungseo/snuboat_ws/build/snuboat_nav/build/lib/snuboat_nav/pwm_converter.py -> /home/jiyoungseo/snuboat_ws/install/snuboat_nav/lib/python3.10/site-packages/snuboat_nav
[1.910s] copying /home/jiyoungseo/snuboat_ws/build/snuboat_nav/build/lib/snuboat_nav/dummy_des_publisher.py -> /home/jiyoungseo/snuboat_ws/install/snuboat_nav/lib/python3.10/site-packages/snuboat_nav
[1.912s] byte-compiling /home/jiyoungseo/snuboat_ws/install/snuboat_nav/lib/python3.10/site-packages/snuboat_nav/lidar_converter.py to lidar_converter.cpython-310.pyc
[1.913s] byte-compiling /home/jiyoungseo/snuboat_ws/install/snuboat_nav/lib/python3.10/site-packages/snuboat_nav/differentiater.py to differentiater.cpython-310.pyc
[1.913s] byte-compiling /home/jiyoungseo/snuboat_ws/install/snuboat_nav/lib/python3.10/site-packages/snuboat_nav/__init__.py to __init__.cpython-310.pyc
[1.913s] byte-compiling /home/jiyoungseo/snuboat_ws/install/snuboat_nav/lib/python3.10/site-packages/snuboat_nav/dummy_gps_publisher.py to dummy_gps_publisher.cpython-310.pyc
[1.914s] byte-compiling /home/jiyoungseo/snuboat_ws/install/snuboat_nav/lib/python3.10/site-packages/snuboat_nav/obstacle_avoidance.py to obstacle_avoidance.cpython-310.pyc
[1.915s] byte-compiling /home/jiyoungseo/snuboat_ws/install/snuboat_nav/lib/python3.10/site-packages/snuboat_nav/dummy_enu_publisher.py to dummy_enu_publisher.cpython-310.pyc
[1.915s] byte-compiling /home/jiyoungseo/snuboat_ws/install/snuboat_nav/lib/python3.10/site-packages/snuboat_nav/gnss_converter.py to gnss_converter.cpython-310.pyc
[1.916s] byte-compiling /home/jiyoungseo/snuboat_ws/install/snuboat_nav/lib/python3.10/site-packages/snuboat_nav/pwm_converter.py to pwm_converter.cpython-310.pyc
[1.916s] byte-compiling /home/jiyoungseo/snuboat_ws/install/snuboat_nav/lib/python3.10/site-packages/snuboat_nav/dummy_des_publisher.py to dummy_des_publisher.cpython-310.pyc
[1.917s] running install_data
[1.917s] copying package.xml -> /home/jiyoungseo/snuboat_ws/install/snuboat_nav/share/snuboat_nav
[1.917s] running install_egg_info
[1.920s] Copying ../../build/snuboat_nav/snuboat_nav.egg-info to /home/jiyoungseo/snuboat_ws/install/snuboat_nav/lib/python3.10/site-packages/snuboat_nav-0.0.0-py3.10.egg-info
[1.920s] running install_scripts
[1.947s] Installing diff script to /home/jiyoungseo/snuboat_ws/install/snuboat_nav/lib/snuboat_navigation
[1.947s] Installing dummy_enu_pub script to /home/jiyoungseo/snuboat_ws/install/snuboat_nav/lib/snuboat_navigation
[1.948s] Installing gnss script to /home/jiyoungseo/snuboat_ws/install/snuboat_nav/lib/snuboat_navigation
[1.948s] Installing lidar script to /home/jiyoungseo/snuboat_ws/install/snuboat_nav/lib/snuboat_navigation
[1.948s] Installing obs script to /home/jiyoungseo/snuboat_ws/install/snuboat_nav/lib/snuboat_navigation
[1.948s] Installing pwm_cvt script to /home/jiyoungseo/snuboat_ws/install/snuboat_nav/lib/snuboat_navigation
[1.948s] writing list of installed files to '/home/jiyoungseo/snuboat_ws/build/snuboat_nav/install.log'
[1.978s] Invoked command in '/home/jiyoungseo/snuboat_ws/src/snuboat_nav' returned '0': PYTHONPATH=/home/jiyoungseo/snuboat_ws/build/snuboat_nav/prefix_override:/home/jiyoungseo/snuboat_ws/install/snuboat_nav/lib/python3.10/site-packages:${PYTHONPATH} /usr/bin/python3 setup.py egg_info --egg-base ../../build/snuboat_nav build --build-base /home/jiyoungseo/snuboat_ws/build/snuboat_nav/build install --record /home/jiyoungseo/snuboat_ws/build/snuboat_nav/install.log --single-version-externally-managed
