-- The C compiler identification is GNU 11.3.0
-- The CXX compiler identification is GNU 11.3.0
-- Detecting C compiler ABI info
-- Detecting C compiler ABI info - done
-- Check for working C compiler: /usr/bin/cc - skipped
-- Detecting C compile features
-- Detecting C compile features - done
-- Detecting CXX compiler ABI info
-- Detecting CXX compiler ABI info - done
-- Check for working CXX compiler: /usr/bin/c++ - skipped
-- Detecting CXX compile features
-- Detecting CXX compile features - done
-- Found ament_cmake: 1.3.4 (/home/jiyoungseo/ros2_humble/install/ament_cmake/share/ament_cmake/cmake)
-- Found Python3: /usr/bin/python3.10 (found version "3.10.6") found components: Interpreter 
-- Found rclcpp: 16.0.4 (/home/jiyoungseo/ros2_humble/install/rclcpp/share/rclcpp/cmake)
-- Found rosidl_generator_c: 3.1.4 (/home/jiyoungseo/ros2_humble/install/rosidl_generator_c/share/rosidl_generator_c/cmake)
-- Found rosidl_adapter: 3.1.4 (/home/jiyoungseo/ros2_humble/install/rosidl_adapter/share/rosidl_adapter/cmake)
-- Found rosidl_generator_cpp: 3.1.4 (/home/jiyoungseo/ros2_humble/install/rosidl_generator_cpp/share/rosidl_generator_cpp/cmake)
-- Using all available rosidl_typesupport_c: rosidl_typesupport_introspection_c;rosidl_typesupport_fastrtps_c
-- Using all available rosidl_typesupport_cpp: rosidl_typesupport_introspection_cpp;rosidl_typesupport_fastrtps_cpp
-- Found rmw_implementation_cmake: 6.1.1 (/home/jiyoungseo/ros2_humble/install/rmw_implementation_cmake/share/rmw_implementation_cmake/cmake)
-- Found rmw_fastrtps_cpp: 6.2.2 (/home/jiyoungseo/ros2_humble/install/rmw_fastrtps_cpp/share/rmw_fastrtps_cpp/cmake)
-- Found OpenSSL: /usr/lib/x86_64-linux-gnu/libcrypto.so (found version "3.0.2")  
-- Found FastRTPS: /home/jiyoungseo/ros2_humble/install/fastrtps/include  
-- Using RMW implementation 'rmw_fastrtps_cpp' as default
-- Looking for pthread.h
-- Looking for pthread.h - found
-- Performing Test CMAKE_HAVE_LIBC_PTHREAD
-- Performing Test CMAKE_HAVE_LIBC_PTHREAD - Success
-- Found Threads: TRUE  
-- Found sensor_msgs: 4.2.3 (/home/jiyoungseo/ros2_humble/install/sensor_msgs/share/sensor_msgs/cmake)
-- Found std_srvs: 4.2.3 (/home/jiyoungseo/ros2_humble/install/std_srvs/share/std_srvs/cmake)
-- Configuring done
-- Generating done
-- Build files have been written to: /home/jiyoungseo/snuboat_ws/build/rplidar_ros
[  7%] [32mBuilding CXX object CMakeFiles/rplidar_node.dir/src/rplidar_node.cpp.o[0m
[ 14%] [32mBuilding CXX object CMakeFiles/rplidar_client.dir/src/rplidar_client.cpp.o[0m
[ 21%] [32mBuilding CXX object CMakeFiles/rplidar_node.dir/sdk/src/hal/thread.cpp.o[0m
[ 28%] [32mBuilding CXX object CMakeFiles/rplidar_node.dir/sdk/src/arch/linux/net_serial.cpp.o[0m
[ 35%] [32mBuilding CXX object CMakeFiles/rplidar_node.dir/sdk/src/sl_crc.cpp.o[0m
[ 42%] [32mBuilding CXX object CMakeFiles/rplidar_node.dir/sdk/src/sl_udp_channel.cpp.o[0m
[ 50%] [32mBuilding CXX object CMakeFiles/rplidar_node.dir/sdk/src/sl_tcp_channel.cpp.o[0m
[ 64%] [32mBuilding CXX object CMakeFiles/rplidar_node.dir/sdk/src/arch/linux/timer.cpp.o[0m
[ 64%] [32mBuilding CXX object CMakeFiles/rplidar_node.dir/sdk/src/arch/linux/net_socket.cpp.o[0m
[ 71%] [32mBuilding CXX object CMakeFiles/rplidar_node.dir/sdk/src/rplidar_driver.cpp.o[0m
[ 78%] [32mBuilding CXX object CMakeFiles/rplidar_node.dir/sdk/src/sl_lidar_driver.cpp.o[0m
[ 85%] [32mBuilding CXX object CMakeFiles/rplidar_node.dir/sdk/src/sl_serial_channel.cpp.o[0m
[ 92%] [32m[1mLinking CXX executable rplidar_node[0m
[ 92%] Built target rplidar_node
[100%] [32m[1mLinking CXX executable rplidar_client[0m
[100%] Built target rplidar_client
-- Install configuration: ""
-- Installing: /home/jiyoungseo/snuboat_ws/install/rplidar_ros/share/rplidar_ros/launch
-- Installing: /home/jiyoungseo/snuboat_ws/install/rplidar_ros/share/rplidar_ros/launch/view_rplidar_s3_launch.py
-- Installing: /home/jiyoungseo/snuboat_ws/install/rplidar_ros/share/rplidar_ros/launch/rplidar_s2_launch.py
-- Installing: /home/jiyoungseo/snuboat_ws/install/rplidar_ros/share/rplidar_ros/launch/rplidar_a3_launch.py
-- Installing: /home/jiyoungseo/snuboat_ws/install/rplidar_ros/share/rplidar_ros/launch/view_rplidar_s2e_launch.py
-- Installing: /home/jiyoungseo/snuboat_ws/install/rplidar_ros/share/rplidar_ros/launch/rplidar_a2m12_launch.py
-- Installing: /home/jiyoungseo/snuboat_ws/install/rplidar_ros/share/rplidar_ros/launch/rplidar_a2m7_launch.py
-- Installing: /home/jiyoungseo/snuboat_ws/install/rplidar_ros/share/rplidar_ros/launch/rplidar_s2e_launch.py
-- Installing: /home/jiyoungseo/snuboat_ws/install/rplidar_ros/share/rplidar_ros/launch/rplidar_s1_launch.py
-- Installing: /home/jiyoungseo/snuboat_ws/install/rplidar_ros/share/rplidar_ros/launch/view_rplidar_a2m7_launch.py
-- Installing: /home/jiyoungseo/snuboat_ws/install/rplidar_ros/share/rplidar_ros/launch/view_rplidar_t1_launch.py
-- Installing: /home/jiyoungseo/snuboat_ws/install/rplidar_ros/share/rplidar_ros/launch/rplidar_a1_launch.py
-- Installing: /home/jiyoungseo/snuboat_ws/install/rplidar_ros/share/rplidar_ros/launch/view_rplidar_a1_launch.py
-- Installing: /home/jiyoungseo/snuboat_ws/install/rplidar_ros/share/rplidar_ros/launch/view_rplidar_s1_tcp_launch.py
-- Installing: /home/jiyoungseo/snuboat_ws/install/rplidar_ros/share/rplidar_ros/launch/view_rplidar_a2m12_launch.py
-- Installing: /home/jiyoungseo/snuboat_ws/install/rplidar_ros/share/rplidar_ros/launch/view_rplidar_a2m8_launch.py
-- Installing: /home/jiyoungseo/snuboat_ws/install/rplidar_ros/share/rplidar_ros/launch/view_rplidar_s1_launch.py
-- Installing: /home/jiyoungseo/snuboat_ws/install/rplidar_ros/share/rplidar_ros/launch/view_rplidar_s2_launch.py
-- Installing: /home/jiyoungseo/snuboat_ws/install/rplidar_ros/share/rplidar_ros/launch/view_rplidar_a3_launch.py
-- Installing: /home/jiyoungseo/snuboat_ws/install/rplidar_ros/share/rplidar_ros/launch/rplidar_a2m8_launch.py
-- Installing: /home/jiyoungseo/snuboat_ws/install/rplidar_ros/share/rplidar_ros/launch/rplidar_s3_launch.py
-- Installing: /home/jiyoungseo/snuboat_ws/install/rplidar_ros/share/rplidar_ros/launch/rplidar_s1_tcp_launch.py
-- Installing: /home/jiyoungseo/snuboat_ws/install/rplidar_ros/share/rplidar_ros/launch/rplidar_t1_launch.py
-- Installing: /home/jiyoungseo/snuboat_ws/install/rplidar_ros/share/rplidar_ros/rviz
-- Installing: /home/jiyoungseo/snuboat_ws/install/rplidar_ros/share/rplidar_ros/rviz/rplidar_ros.rviz
-- Installing: /home/jiyoungseo/snuboat_ws/install/rplidar_ros/lib/rplidar_ros/rplidar_node
-- Set runtime path of "/home/jiyoungseo/snuboat_ws/install/rplidar_ros/lib/rplidar_ros/rplidar_node" to ""
-- Installing: /home/jiyoungseo/snuboat_ws/install/rplidar_ros/lib/rplidar_ros/rplidar_client
-- Set runtime path of "/home/jiyoungseo/snuboat_ws/install/rplidar_ros/lib/rplidar_ros/rplidar_client" to ""
-- Installing: /home/jiyoungseo/snuboat_ws/install/rplidar_ros/share/ament_index/resource_index/package_run_dependencies/rplidar_ros
-- Installing: /home/jiyoungseo/snuboat_ws/install/rplidar_ros/share/ament_index/resource_index/parent_prefix_path/rplidar_ros
-- Installing: /home/jiyoungseo/snuboat_ws/install/rplidar_ros/share/rplidar_ros/environment/ament_prefix_path.sh
-- Installing: /home/jiyoungseo/snuboat_ws/install/rplidar_ros/share/rplidar_ros/environment/ament_prefix_path.dsv
-- Installing: /home/jiyoungseo/snuboat_ws/install/rplidar_ros/share/rplidar_ros/environment/path.sh
-- Installing: /home/jiyoungseo/snuboat_ws/install/rplidar_ros/share/rplidar_ros/environment/path.dsv
-- Installing: /home/jiyoungseo/snuboat_ws/install/rplidar_ros/share/rplidar_ros/local_setup.bash
-- Installing: /home/jiyoungseo/snuboat_ws/install/rplidar_ros/share/rplidar_ros/local_setup.sh
-- Installing: /home/jiyoungseo/snuboat_ws/install/rplidar_ros/share/rplidar_ros/local_setup.zsh
-- Installing: /home/jiyoungseo/snuboat_ws/install/rplidar_ros/share/rplidar_ros/local_setup.dsv
-- Installing: /home/jiyoungseo/snuboat_ws/install/rplidar_ros/share/rplidar_ros/package.dsv
-- Installing: /home/jiyoungseo/snuboat_ws/install/rplidar_ros/share/ament_index/resource_index/packages/rplidar_ros
-- Installing: /home/jiyoungseo/snuboat_ws/install/rplidar_ros/share/rplidar_ros/cmake/ament_cmake_export_dependencies-extras.cmake
-- Installing: /home/jiyoungseo/snuboat_ws/install/rplidar_ros/share/rplidar_ros/cmake/ament_cmake_export_include_directories-extras.cmake
-- Installing: /home/jiyoungseo/snuboat_ws/install/rplidar_ros/share/rplidar_ros/cmake/rplidar_rosConfig.cmake
-- Installing: /home/jiyoungseo/snuboat_ws/install/rplidar_ros/share/rplidar_ros/cmake/rplidar_rosConfig-version.cmake
-- Installing: /home/jiyoungseo/snuboat_ws/install/rplidar_ros/share/rplidar_ros/package.xml
