/home/jiyoungseo/snuboat_ws/install/snuboat_nav/lib/python3.10/site-packages/snuboat_nav/lidar_converter.py
/home/jiyoungseo/snuboat_ws/install/snuboat_nav/lib/python3.10/site-packages/snuboat_nav/differentiater.py
/home/jiyoungseo/snuboat_ws/install/snuboat_nav/lib/python3.10/site-packages/snuboat_nav/__init__.py
/home/jiyoungseo/snuboat_ws/install/snuboat_nav/lib/python3.10/site-packages/snuboat_nav/dummy_gps_publisher.py
/home/jiyoungseo/snuboat_ws/install/snuboat_nav/lib/python3.10/site-packages/snuboat_nav/obstacle_avoidance.py
/home/jiyoungseo/snuboat_ws/install/snuboat_nav/lib/python3.10/site-packages/snuboat_nav/dummy_enu_publisher.py
/home/jiyoungseo/snuboat_ws/install/snuboat_nav/lib/python3.10/site-packages/snuboat_nav/gnss_converter.py
/home/jiyoungseo/snuboat_ws/install/snuboat_nav/lib/python3.10/site-packages/snuboat_nav/pwm_converter.py
/home/jiyoungseo/snuboat_ws/install/snuboat_nav/lib/python3.10/site-packages/snuboat_nav/dummy_des_publisher.py
/home/jiyoungseo/snuboat_ws/install/snuboat_nav/lib/python3.10/site-packages/snuboat_nav/__pycache__/lidar_converter.cpython-310.pyc
/home/jiyoungseo/snuboat_ws/install/snuboat_nav/lib/python3.10/site-packages/snuboat_nav/__pycache__/differentiater.cpython-310.pyc
/home/jiyoungseo/snuboat_ws/install/snuboat_nav/lib/python3.10/site-packages/snuboat_nav/__pycache__/__init__.cpython-310.pyc
/home/jiyoungseo/snuboat_ws/install/snuboat_nav/lib/python3.10/site-packages/snuboat_nav/__pycache__/dummy_gps_publisher.cpython-310.pyc
/home/jiyoungseo/snuboat_ws/install/snuboat_nav/lib/python3.10/site-packages/snuboat_nav/__pycache__/obstacle_avoidance.cpython-310.pyc
/home/jiyoungseo/snuboat_ws/install/snuboat_nav/lib/python3.10/site-packages/snuboat_nav/__pycache__/dummy_enu_publisher.cpython-310.pyc
/home/jiyoungseo/snuboat_ws/install/snuboat_nav/lib/python3.10/site-packages/snuboat_nav/__pycache__/gnss_converter.cpython-310.pyc
/home/jiyoungseo/snuboat_ws/install/snuboat_nav/lib/python3.10/site-packages/snuboat_nav/__pycache__/pwm_converter.cpython-310.pyc
/home/jiyoungseo/snuboat_ws/install/snuboat_nav/lib/python3.10/site-packages/snuboat_nav/__pycache__/dummy_des_publisher.cpython-310.pyc
/home/jiyoungseo/snuboat_ws/install/snuboat_nav/share/snuboat_nav/package.xml
/home/jiyoungseo/snuboat_ws/install/snuboat_nav/lib/python3.10/site-packages/snuboat_nav-0.0.0-py3.10.egg-info/zip-safe
/home/jiyoungseo/snuboat_ws/install/snuboat_nav/lib/python3.10/site-packages/snuboat_nav-0.0.0-py3.10.egg-info/requires.txt
/home/jiyoungseo/snuboat_ws/install/snuboat_nav/lib/python3.10/site-packages/snuboat_nav-0.0.0-py3.10.egg-info/dependency_links.txt
/home/jiyoungseo/snuboat_ws/install/snuboat_nav/lib/python3.10/site-packages/snuboat_nav-0.0.0-py3.10.egg-info/top_level.txt
/home/jiyoungseo/snuboat_ws/install/snuboat_nav/lib/python3.10/site-packages/snuboat_nav-0.0.0-py3.10.egg-info/entry_points.txt
/home/jiyoungseo/snuboat_ws/install/snuboat_nav/lib/python3.10/site-packages/snuboat_nav-0.0.0-py3.10.egg-info/SOURCES.txt
/home/jiyoungseo/snuboat_ws/install/snuboat_nav/lib/python3.10/site-packages/snuboat_nav-0.0.0-py3.10.egg-info/PKG-INFO
/home/jiyoungseo/snuboat_ws/install/snuboat_nav/lib/snuboat_navigation/diff
/home/jiyoungseo/snuboat_ws/install/snuboat_nav/lib/snuboat_navigation/dummy_enu_pub
/home/jiyoungseo/snuboat_ws/install/snuboat_nav/lib/snuboat_navigation/gnss
/home/jiyoungseo/snuboat_ws/install/snuboat_nav/lib/snuboat_navigation/lidar
/home/jiyoungseo/snuboat_ws/install/snuboat_nav/lib/snuboat_navigation/obs
/home/jiyoungseo/snuboat_ws/install/snuboat_nav/lib/snuboat_navigation/pwm_cvt
