-- The C compiler identification is GNU 11.3.0
-- The CXX compiler identification is GNU 11.3.0
-- Detecting C compiler ABI info
-- Detecting C compiler ABI info - done
-- Check for working C compiler: /usr/bin/cc - skipped
-- Detecting C compile features
-- Detecting C compile features - done
-- Detecting CXX compiler ABI info
-- Detecting CXX compiler ABI info - done
-- Check for working CXX compiler: /usr/bin/c++ - skipped
-- Detecting CXX compile features
-- Detecting CXX compile features - done
-- Found ament_cmake: 1.3.4 (/home/jiyoungseo/ros2_humble/install/ament_cmake/share/ament_cmake/cmake)
-- Found Python3: /usr/bin/python3.10 (found version "3.10.6") found components: Interpreter 
-- Found std_msgs: 4.2.3 (/home/jiyoungseo/ros2_humble/install/std_msgs/share/std_msgs/cmake)
-- Found rosidl_generator_c: 3.1.4 (/home/jiyoungseo/ros2_humble/install/rosidl_generator_c/share/rosidl_generator_c/cmake)
-- Found rosidl_adapter: 3.1.4 (/home/jiyoungseo/ros2_humble/install/rosidl_adapter/share/rosidl_adapter/cmake)
-- Found rosidl_generator_cpp: 3.1.4 (/home/jiyoungseo/ros2_humble/install/rosidl_generator_cpp/share/rosidl_generator_cpp/cmake)
-- Using all available rosidl_typesupport_c: rosidl_typesupport_introspection_c;rosidl_typesupport_fastrtps_c
-- Using all available rosidl_typesupport_cpp: rosidl_typesupport_introspection_cpp;rosidl_typesupport_fastrtps_cpp
-- Found ament_cmake_ros: 0.10.0 (/home/jiyoungseo/ros2_humble/install/ament_cmake_ros/share/ament_cmake_ros/cmake)
-- Using all available rosidl_typesupport_c: rosidl_typesupport_introspection_c;rosidl_typesupport_fastrtps_c
-- Using all available rosidl_typesupport_cpp: rosidl_typesupport_introspection_cpp;rosidl_typesupport_fastrtps_cpp
-- Found ament_lint_auto: 0.12.6 (/home/jiyoungseo/ros2_humble/install/ament_lint_auto/share/ament_lint_auto/cmake)
-- Added test 'lint_cmake' to check CMake code style
-- Added test 'xmllint' to check XML markup files
-- Configuring done
-- Generating done
-- Build files have been written to: /home/jiyoungseo/snuboat_ws/build/snuboat_msgs
[  4%] [34m[1mGenerating C code for ROS interfaces[0m
[  9%] [34m[1mGenerating C++ code for ROS interfaces[0m
[  9%] Built target snuboat_msgs__cpp
[ 13%] [32mBuilding C object CMakeFiles/snuboat_msgs__rosidl_generator_c.dir/rosidl_generator_c/snuboat_msgs/msg/detail/obstacles__functions.c.o[0m
[ 18%] [34m[1mGenerating C++ type support for eProsima Fast-RTPS[0m
[ 27%] [34m[1mGenerating C++ introspection for ROS interfaces[0m
[ 27%] [34m[1mGenerating C++ type support dispatch for ROS interfaces[0m
[ 31%] [32m[1mLinking C shared library libsnuboat_msgs__rosidl_generator_c.so[0m
[ 31%] Built target snuboat_msgs__rosidl_generator_c
[ 40%] [34m[1mGenerating C introspection for ROS interfaces[0m
[ 40%] [34m[1mGenerating C type support dispatch for ROS interfaces[0m
[ 45%] [34m[1mGenerating C type support for eProsima Fast-RTPS[0m
[ 50%] [32mBuilding CXX object CMakeFiles/snuboat_msgs__rosidl_typesupport_cpp.dir/rosidl_typesupport_cpp/snuboat_msgs/msg/obstacles__type_support.cpp.o[0m
[ 54%] [32mBuilding CXX object CMakeFiles/snuboat_msgs__rosidl_typesupport_introspection_cpp.dir/rosidl_typesupport_introspection_cpp/snuboat_msgs/msg/detail/obstacles__type_support.cpp.o[0m
[ 59%] [32mBuilding CXX object CMakeFiles/snuboat_msgs__rosidl_typesupport_fastrtps_cpp.dir/rosidl_typesupport_fastrtps_cpp/snuboat_msgs/msg/detail/dds_fastrtps/obstacles__type_support.cpp.o[0m
[ 63%] [32mBuilding CXX object CMakeFiles/snuboat_msgs__rosidl_typesupport_c.dir/rosidl_typesupport_c/snuboat_msgs/msg/obstacles__type_support.cpp.o[0m
[ 68%] [32mBuilding C object CMakeFiles/snuboat_msgs__rosidl_typesupport_introspection_c.dir/rosidl_typesupport_introspection_c/snuboat_msgs/msg/detail/obstacles__type_support.c.o[0m
[ 72%] [32mBuilding CXX object CMakeFiles/snuboat_msgs__rosidl_typesupport_fastrtps_c.dir/rosidl_typesupport_fastrtps_c/snuboat_msgs/msg/detail/obstacles__type_support_c.cpp.o[0m
[ 77%] [32m[1mLinking CXX shared library libsnuboat_msgs__rosidl_typesupport_c.so[0m
[ 81%] [32m[1mLinking CXX shared library libsnuboat_msgs__rosidl_typesupport_cpp.so[0m
[ 86%] [32m[1mLinking C shared library libsnuboat_msgs__rosidl_typesupport_introspection_c.so[0m
[ 86%] Built target snuboat_msgs__rosidl_typesupport_c
[ 86%] Built target snuboat_msgs__rosidl_typesupport_introspection_c
[ 86%] Built target snuboat_msgs__rosidl_typesupport_cpp
[ 90%] [32m[1mLinking CXX shared library libsnuboat_msgs__rosidl_typesupport_introspection_cpp.so[0m
[ 95%] [32m[1mLinking CXX shared library libsnuboat_msgs__rosidl_typesupport_fastrtps_cpp.so[0m
[100%] [32m[1mLinking CXX shared library libsnuboat_msgs__rosidl_typesupport_fastrtps_c.so[0m
[100%] Built target snuboat_msgs__rosidl_typesupport_fastrtps_cpp
[100%] Built target snuboat_msgs__rosidl_typesupport_introspection_cpp
[100%] Built target snuboat_msgs__rosidl_typesupport_fastrtps_c
[100%] Built target snuboat_msgs
-- Install configuration: ""
-- Installing: /home/jiyoungseo/snuboat_ws/install/snuboat_msgs/share/ament_index/resource_index/rosidl_interfaces/snuboat_msgs
-- Installing: /home/jiyoungseo/snuboat_ws/install/snuboat_msgs/include/snuboat_msgs/snuboat_msgs
-- Installing: /home/jiyoungseo/snuboat_ws/install/snuboat_msgs/include/snuboat_msgs/snuboat_msgs/msg
-- Installing: /home/jiyoungseo/snuboat_ws/install/snuboat_msgs/include/snuboat_msgs/snuboat_msgs/msg/obstacles.h
-- Installing: /home/jiyoungseo/snuboat_ws/install/snuboat_msgs/include/snuboat_msgs/snuboat_msgs/msg/detail
-- Installing: /home/jiyoungseo/snuboat_ws/install/snuboat_msgs/include/snuboat_msgs/snuboat_msgs/msg/detail/obstacles__functions.c
-- Installing: /home/jiyoungseo/snuboat_ws/install/snuboat_msgs/include/snuboat_msgs/snuboat_msgs/msg/detail/obstacles__functions.h
-- Installing: /home/jiyoungseo/snuboat_ws/install/snuboat_msgs/include/snuboat_msgs/snuboat_msgs/msg/detail/obstacles__struct.h
-- Installing: /home/jiyoungseo/snuboat_ws/install/snuboat_msgs/include/snuboat_msgs/snuboat_msgs/msg/detail/obstacles__type_support.h
-- Installing: /home/jiyoungseo/snuboat_ws/install/snuboat_msgs/include/snuboat_msgs/snuboat_msgs/msg/rosidl_generator_c__visibility_control.h
-- Installing: /home/jiyoungseo/snuboat_ws/install/snuboat_msgs/share/snuboat_msgs/environment/library_path.sh
-- Installing: /home/jiyoungseo/snuboat_ws/install/snuboat_msgs/share/snuboat_msgs/environment/library_path.dsv
-- Installing: /home/jiyoungseo/snuboat_ws/install/snuboat_msgs/lib/libsnuboat_msgs__rosidl_generator_c.so
-- Set runtime path of "/home/jiyoungseo/snuboat_ws/install/snuboat_msgs/lib/libsnuboat_msgs__rosidl_generator_c.so" to ""
-- Up-to-date: /home/jiyoungseo/snuboat_ws/install/snuboat_msgs/include/snuboat_msgs/snuboat_msgs
-- Up-to-date: /home/jiyoungseo/snuboat_ws/install/snuboat_msgs/include/snuboat_msgs/snuboat_msgs/msg
-- Up-to-date: /home/jiyoungseo/snuboat_ws/install/snuboat_msgs/include/snuboat_msgs/snuboat_msgs/msg/detail
-- Installing: /home/jiyoungseo/snuboat_ws/install/snuboat_msgs/include/snuboat_msgs/snuboat_msgs/msg/detail/obstacles__rosidl_typesupport_fastrtps_c.h
-- Installing: /home/jiyoungseo/snuboat_ws/install/snuboat_msgs/include/snuboat_msgs/snuboat_msgs/msg/rosidl_typesupport_fastrtps_c__visibility_control.h
-- Installing: /home/jiyoungseo/snuboat_ws/install/snuboat_msgs/lib/libsnuboat_msgs__rosidl_typesupport_fastrtps_c.so
-- Set runtime path of "/home/jiyoungseo/snuboat_ws/install/snuboat_msgs/lib/libsnuboat_msgs__rosidl_typesupport_fastrtps_c.so" to ""
-- Up-to-date: /home/jiyoungseo/snuboat_ws/install/snuboat_msgs/include/snuboat_msgs/snuboat_msgs
-- Up-to-date: /home/jiyoungseo/snuboat_ws/install/snuboat_msgs/include/snuboat_msgs/snuboat_msgs/msg
-- Up-to-date: /home/jiyoungseo/snuboat_ws/install/snuboat_msgs/include/snuboat_msgs/snuboat_msgs/msg/detail
-- Installing: /home/jiyoungseo/snuboat_ws/install/snuboat_msgs/include/snuboat_msgs/snuboat_msgs/msg/detail/obstacles__builder.hpp
-- Installing: /home/jiyoungseo/snuboat_ws/install/snuboat_msgs/include/snuboat_msgs/snuboat_msgs/msg/detail/obstacles__traits.hpp
-- Installing: /home/jiyoungseo/snuboat_ws/install/snuboat_msgs/include/snuboat_msgs/snuboat_msgs/msg/detail/obstacles__struct.hpp
-- Installing: /home/jiyoungseo/snuboat_ws/install/snuboat_msgs/include/snuboat_msgs/snuboat_msgs/msg/obstacles.hpp
-- Up-to-date: /home/jiyoungseo/snuboat_ws/install/snuboat_msgs/include/snuboat_msgs/snuboat_msgs
-- Up-to-date: /home/jiyoungseo/snuboat_ws/install/snuboat_msgs/include/snuboat_msgs/snuboat_msgs/msg
-- Installing: /home/jiyoungseo/snuboat_ws/install/snuboat_msgs/include/snuboat_msgs/snuboat_msgs/msg/rosidl_typesupport_fastrtps_cpp__visibility_control.h
-- Up-to-date: /home/jiyoungseo/snuboat_ws/install/snuboat_msgs/include/snuboat_msgs/snuboat_msgs/msg/detail
-- Installing: /home/jiyoungseo/snuboat_ws/install/snuboat_msgs/include/snuboat_msgs/snuboat_msgs/msg/detail/dds_fastrtps
-- Installing: /home/jiyoungseo/snuboat_ws/install/snuboat_msgs/include/snuboat_msgs/snuboat_msgs/msg/detail/obstacles__rosidl_typesupport_fastrtps_cpp.hpp
-- Installing: /home/jiyoungseo/snuboat_ws/install/snuboat_msgs/lib/libsnuboat_msgs__rosidl_typesupport_fastrtps_cpp.so
-- Set runtime path of "/home/jiyoungseo/snuboat_ws/install/snuboat_msgs/lib/libsnuboat_msgs__rosidl_typesupport_fastrtps_cpp.so" to ""
-- Up-to-date: /home/jiyoungseo/snuboat_ws/install/snuboat_msgs/include/snuboat_msgs/snuboat_msgs
-- Up-to-date: /home/jiyoungseo/snuboat_ws/install/snuboat_msgs/include/snuboat_msgs/snuboat_msgs/msg
-- Up-to-date: /home/jiyoungseo/snuboat_ws/install/snuboat_msgs/include/snuboat_msgs/snuboat_msgs/msg/detail
-- Installing: /home/jiyoungseo/snuboat_ws/install/snuboat_msgs/include/snuboat_msgs/snuboat_msgs/msg/detail/obstacles__type_support.c
-- Installing: /home/jiyoungseo/snuboat_ws/install/snuboat_msgs/include/snuboat_msgs/snuboat_msgs/msg/detail/obstacles__rosidl_typesupport_introspection_c.h
-- Installing: /home/jiyoungseo/snuboat_ws/install/snuboat_msgs/include/snuboat_msgs/snuboat_msgs/msg/rosidl_typesupport_introspection_c__visibility_control.h
-- Installing: /home/jiyoungseo/snuboat_ws/install/snuboat_msgs/lib/libsnuboat_msgs__rosidl_typesupport_introspection_c.so
-- Set runtime path of "/home/jiyoungseo/snuboat_ws/install/snuboat_msgs/lib/libsnuboat_msgs__rosidl_typesupport_introspection_c.so" to ""
-- Installing: /home/jiyoungseo/snuboat_ws/install/snuboat_msgs/lib/libsnuboat_msgs__rosidl_typesupport_c.so
-- Set runtime path of "/home/jiyoungseo/snuboat_ws/install/snuboat_msgs/lib/libsnuboat_msgs__rosidl_typesupport_c.so" to ""
-- Up-to-date: /home/jiyoungseo/snuboat_ws/install/snuboat_msgs/include/snuboat_msgs/snuboat_msgs
-- Up-to-date: /home/jiyoungseo/snuboat_ws/install/snuboat_msgs/include/snuboat_msgs/snuboat_msgs/msg
-- Up-to-date: /home/jiyoungseo/snuboat_ws/install/snuboat_msgs/include/snuboat_msgs/snuboat_msgs/msg/detail
-- Installing: /home/jiyoungseo/snuboat_ws/install/snuboat_msgs/include/snuboat_msgs/snuboat_msgs/msg/detail/obstacles__type_support.cpp
-- Installing: /home/jiyoungseo/snuboat_ws/install/snuboat_msgs/include/snuboat_msgs/snuboat_msgs/msg/detail/obstacles__rosidl_typesupport_introspection_cpp.hpp
-- Installing: /home/jiyoungseo/snuboat_ws/install/snuboat_msgs/lib/libsnuboat_msgs__rosidl_typesupport_introspection_cpp.so
-- Set runtime path of "/home/jiyoungseo/snuboat_ws/install/snuboat_msgs/lib/libsnuboat_msgs__rosidl_typesupport_introspection_cpp.so" to ""
-- Installing: /home/jiyoungseo/snuboat_ws/install/snuboat_msgs/lib/libsnuboat_msgs__rosidl_typesupport_cpp.so
-- Set runtime path of "/home/jiyoungseo/snuboat_ws/install/snuboat_msgs/lib/libsnuboat_msgs__rosidl_typesupport_cpp.so" to ""
-- Installing: /home/jiyoungseo/snuboat_ws/install/snuboat_msgs/share/snuboat_msgs/msg/Obstacles.idl
-- Installing: /home/jiyoungseo/snuboat_ws/install/snuboat_msgs/share/snuboat_msgs/msg/Obstacles.msg
-- Installing: /home/jiyoungseo/snuboat_ws/install/snuboat_msgs/share/ament_index/resource_index/package_run_dependencies/snuboat_msgs
-- Installing: /home/jiyoungseo/snuboat_ws/install/snuboat_msgs/share/ament_index/resource_index/parent_prefix_path/snuboat_msgs
-- Installing: /home/jiyoungseo/snuboat_ws/install/snuboat_msgs/share/snuboat_msgs/environment/ament_prefix_path.sh
-- Installing: /home/jiyoungseo/snuboat_ws/install/snuboat_msgs/share/snuboat_msgs/environment/ament_prefix_path.dsv
-- Installing: /home/jiyoungseo/snuboat_ws/install/snuboat_msgs/share/snuboat_msgs/environment/path.sh
-- Installing: /home/jiyoungseo/snuboat_ws/install/snuboat_msgs/share/snuboat_msgs/environment/path.dsv
-- Installing: /home/jiyoungseo/snuboat_ws/install/snuboat_msgs/share/snuboat_msgs/local_setup.bash
-- Installing: /home/jiyoungseo/snuboat_ws/install/snuboat_msgs/share/snuboat_msgs/local_setup.sh
-- Installing: /home/jiyoungseo/snuboat_ws/install/snuboat_msgs/share/snuboat_msgs/local_setup.zsh
-- Installing: /home/jiyoungseo/snuboat_ws/install/snuboat_msgs/share/snuboat_msgs/local_setup.dsv
-- Installing: /home/jiyoungseo/snuboat_ws/install/snuboat_msgs/share/snuboat_msgs/package.dsv
-- Installing: /home/jiyoungseo/snuboat_ws/install/snuboat_msgs/share/ament_index/resource_index/packages/snuboat_msgs
-- Installing: /home/jiyoungseo/snuboat_ws/install/snuboat_msgs/share/snuboat_msgs/cmake/export_snuboat_msgs__rosidl_generator_cExport.cmake
-- Installing: /home/jiyoungseo/snuboat_ws/install/snuboat_msgs/share/snuboat_msgs/cmake/export_snuboat_msgs__rosidl_generator_cExport-noconfig.cmake
-- Installing: /home/jiyoungseo/snuboat_ws/install/snuboat_msgs/share/snuboat_msgs/cmake/export_snuboat_msgs__rosidl_typesupport_fastrtps_cExport.cmake
-- Installing: /home/jiyoungseo/snuboat_ws/install/snuboat_msgs/share/snuboat_msgs/cmake/export_snuboat_msgs__rosidl_typesupport_fastrtps_cExport-noconfig.cmake
-- Installing: /home/jiyoungseo/snuboat_ws/install/snuboat_msgs/share/snuboat_msgs/cmake/export_snuboat_msgs__rosidl_generator_cppExport.cmake
-- Installing: /home/jiyoungseo/snuboat_ws/install/snuboat_msgs/share/snuboat_msgs/cmake/export_snuboat_msgs__rosidl_typesupport_fastrtps_cppExport.cmake
-- Installing: /home/jiyoungseo/snuboat_ws/install/snuboat_msgs/share/snuboat_msgs/cmake/export_snuboat_msgs__rosidl_typesupport_fastrtps_cppExport-noconfig.cmake
-- Installing: /home/jiyoungseo/snuboat_ws/install/snuboat_msgs/share/snuboat_msgs/cmake/snuboat_msgs__rosidl_typesupport_introspection_cExport.cmake
-- Installing: /home/jiyoungseo/snuboat_ws/install/snuboat_msgs/share/snuboat_msgs/cmake/snuboat_msgs__rosidl_typesupport_introspection_cExport-noconfig.cmake
-- Installing: /home/jiyoungseo/snuboat_ws/install/snuboat_msgs/share/snuboat_msgs/cmake/snuboat_msgs__rosidl_typesupport_cExport.cmake
-- Installing: /home/jiyoungseo/snuboat_ws/install/snuboat_msgs/share/snuboat_msgs/cmake/snuboat_msgs__rosidl_typesupport_cExport-noconfig.cmake
-- Installing: /home/jiyoungseo/snuboat_ws/install/snuboat_msgs/share/snuboat_msgs/cmake/snuboat_msgs__rosidl_typesupport_introspection_cppExport.cmake
-- Installing: /home/jiyoungseo/snuboat_ws/install/snuboat_msgs/share/snuboat_msgs/cmake/snuboat_msgs__rosidl_typesupport_introspection_cppExport-noconfig.cmake
-- Installing: /home/jiyoungseo/snuboat_ws/install/snuboat_msgs/share/snuboat_msgs/cmake/snuboat_msgs__rosidl_typesupport_cppExport.cmake
-- Installing: /home/jiyoungseo/snuboat_ws/install/snuboat_msgs/share/snuboat_msgs/cmake/snuboat_msgs__rosidl_typesupport_cppExport-noconfig.cmake
-- Installing: /home/jiyoungseo/snuboat_ws/install/snuboat_msgs/share/snuboat_msgs/cmake/rosidl_cmake-extras.cmake
-- Installing: /home/jiyoungseo/snuboat_ws/install/snuboat_msgs/share/snuboat_msgs/cmake/ament_cmake_export_include_directories-extras.cmake
-- Installing: /home/jiyoungseo/snuboat_ws/install/snuboat_msgs/share/snuboat_msgs/cmake/ament_cmake_export_libraries-extras.cmake
-- Installing: /home/jiyoungseo/snuboat_ws/install/snuboat_msgs/share/snuboat_msgs/cmake/ament_cmake_export_targets-extras.cmake
-- Installing: /home/jiyoungseo/snuboat_ws/install/snuboat_msgs/share/snuboat_msgs/cmake/rosidl_cmake_export_typesupport_targets-extras.cmake
-- Installing: /home/jiyoungseo/snuboat_ws/install/snuboat_msgs/share/snuboat_msgs/cmake/ament_cmake_export_dependencies-extras.cmake
-- Installing: /home/jiyoungseo/snuboat_ws/install/snuboat_msgs/share/snuboat_msgs/cmake/rosidl_cmake_export_typesupport_libraries-extras.cmake
-- Installing: /home/jiyoungseo/snuboat_ws/install/snuboat_msgs/share/snuboat_msgs/cmake/snuboat_msgsConfig.cmake
-- Installing: /home/jiyoungseo/snuboat_ws/install/snuboat_msgs/share/snuboat_msgs/cmake/snuboat_msgsConfig-version.cmake
-- Installing: /home/jiyoungseo/snuboat_ws/install/snuboat_msgs/share/snuboat_msgs/package.xml
