[0.503s] Invoking command in '/home/jiyoungseo/snuboat_ws/build/snuboat_msgs': CMAKE_PREFIX_PATH=${CMAKE_PREFIX_PATH}:/home/jiyoungseo/xcorps_ws/install/xcorps_nav:/home/jiyoungseo/xcorps_ws/install/microstrain_inertial_rqt:/home/jiyoungseo/control_pkgs/install/x_corps_navigation:/home/jiyoungseo/control_pkgs/install/x_corps_main:/home/jiyoungseo/ros2_humble/install/rqt_bag_plugins:/home/jiyoungseo/ros2_humble/install/rqt_bag:/home/jiyoungseo/ros2_humble/install/ros2bag:/home/jiyoungseo/ros2_humble/install/tracetools_test:/home/jiyoungseo/ros2_humble/install/tracetools_launch:/home/jiyoungseo/ros2_humble/install/topic_monitor:/home/jiyoungseo/ros2_humble/install/tf2_tools:/home/jiyoungseo/ros2_humble/install/examples_tf2_py:/home/jiyoungseo/ros2_humble/install/tf2_ros_py:/home/jiyoungseo/ros2_humble/install/sros2:/home/jiyoungseo/ros2_humble/install/rqt_topic:/home/jiyoungseo/ros2_humble/install/rqt_srv:/home/jiyoungseo/ros2_humble/install/rqt_shell:/home/jiyoungseo/ros2_humble/install/rqt_service_caller:/home/jiyoungseo/ros2_humble/install/rqt_reconfigure:/home/jiyoungseo/ros2_humble/install/rqt_py_console:/home/jiyoungseo/ros2_humble/install/rqt_publisher:/home/jiyoungseo/ros2_humble/install/rqt_plot:/home/jiyoungseo/ros2_humble/install/rqt_action:/home/jiyoungseo/ros2_humble/install/rqt_msg:/home/jiyoungseo/ros2_humble/install/rqt_console:/home/jiyoungseo/ros2_humble/install/rqt:/home/jiyoungseo/ros2_humble/install/rqt_graph:/home/jiyoungseo/ros2_humble/install/rqt_gui_py:/home/jiyoungseo/ros2_humble/install/rqt_gui:/home/jiyoungseo/ros2_humble/install/ros2trace:/home/jiyoungseo/ros2_humble/install/ros2topic:/home/jiyoungseo/ros2_humble/install/ros2test:/home/jiyoungseo/ros2_humble/install/ros2component:/home/jiyoungseo/ros2_humble/install/ros2param:/home/jiyoungseo/ros2_humble/install/ros2lifecycle:/home/jiyoungseo/ros2_humble/install/ros2service:/home/jiyoungseo/ros2_humble/install/ros2run:/home/jiyoungseo/ros2_humble/install/ros2launch:/home/jiyoungseo/ros2_humble/install/ros2pkg:/home/jiyoungseo/ros2_humble/install/ros2node:/home/jiyoungseo/ros2_humble/install/ros2multicast:/home/jiyoungseo/ros2_humble/install/ros2interface:/home/jiyoungseo/ros2_humble/install/ros2doctor:/home/jiyoungseo/ros2_humble/install/ros2action:/home/jiyoungseo/ros2_humble/install/ros2cli:/home/jiyoungseo/ros2_humble/install/quality_of_service_demo_py:/home/jiyoungseo/ros2_humble/install/lifecycle_py:/home/jiyoungseo/ros2_humble/install/launch_testing_ros:/home/jiyoungseo/ros2_humble/install/launch_ros:/home/jiyoungseo/ros2_humble/install/examples_rclpy_pointcloud_publisher:/home/jiyoungseo/ros2_humble/install/examples_rclpy_minimal_subscriber:/home/jiyoungseo/ros2_humble/install/examples_rclpy_minimal_service:/home/jiyoungseo/ros2_humble/install/examples_rclpy_minimal_publisher:/home/jiyoungseo/ros2_humble/install/examples_rclpy_minimal_client:/home/jiyoungseo/ros2_humble/install/examples_rclpy_minimal_action_server:/home/jiyoungseo/ros2_humble/install/examples_rclpy_minimal_action_client:/home/jiyoungseo/ros2_humble/install/examples_rclpy_guard_conditions:/home/jiyoungseo/ros2_humble/install/examples_rclpy_executors:/home/jiyoungseo/ros2_humble/install/demo_nodes_py:/home/jiyoungseo/ros2_humble/install/action_tutorials_py:/home/jiyoungseo/ros2_humble/install/ament_uncrustify:/home/jiyoungseo/ros2_humble/install/tracetools_trace:/home/jiyoungseo/ros2_humble/install/tracetools_read:/home/jiyoungseo/ros2_humble/install/test_tracetools_launch:/home/jiyoungseo/ros2_humble/install/test_launch_ros:/home/jiyoungseo/ros2_humble/install/sensor_msgs_py:/home/jiyoungseo/ros2_humble/install/rpyutils:/home/jiyoungseo/ros2_humble/install/rosidl_runtime_py:/home/jiyoungseo/ros2_humble/install/rosidl_cli:/home/jiyoungseo/ros2_humble/install/launch_pytest:/home/jiyoungseo/ros2_humble/install/launch_testing:/home/jiyoungseo/ros2_humble/install/launch_yaml:/home/jiyoungseo/ros2_humble/install/launch_xml:/home/jiyoungseo/ros2_humble/install/launch:/home/jiyoungseo/ros2_humble/install/osrf_pycommon:/home/jiyoungseo/ros2_humble/install/launch_testing_examples:/home/jiyoungseo/ros2_humble/install/domain_coordinator:/home/jiyoungseo/ros2_humble/install/ament_xmllint:/home/jiyoungseo/ros2_humble/install/ament_pyflakes:/home/jiyoungseo/ros2_humble/install/ament_pycodestyle:/home/jiyoungseo/ros2_humble/install/ament_pep257:/home/jiyoungseo/ros2_humble/install/ament_pclint:/home/jiyoungseo/ros2_humble/install/ament_package:/home/jiyoungseo/ros2_humble/install/ament_mypy:/home/jiyoungseo/ros2_humble/install/ament_lint_cmake:/home/jiyoungseo/ros2_humble/install/ament_flake8:/home/jiyoungseo/ros2_humble/install/ament_copyright:/home/jiyoungseo/ros2_humble/install/ament_lint:/home/jiyoungseo/ros2_humble/install/ament_index_python:/home/jiyoungseo/ros2_humble/install/ament_cpplint:/home/jiyoungseo/ros2_humble/install/ament_cppcheck:/home/jiyoungseo/ros2_humble/install/ament_clang_tidy:/home/jiyoungseo/ros2_humble/install/ament_clang_format:/opt/ros/humble /usr/bin/cmake /home/jiyoungseo/snuboat_ws/src/snuboat_msgs -DCMAKE_INSTALL_PREFIX=/home/jiyoungseo/snuboat_ws/install/snuboat_msgs
[0.631s] -- The C compiler identification is GNU 11.3.0
[0.720s] -- The CXX compiler identification is GNU 11.3.0
[0.732s] -- Detecting C compiler ABI info
[0.888s] -- Detecting C compiler ABI info - done
[0.900s] -- Check for working C compiler: /usr/bin/cc - skipped
[0.901s] -- Detecting C compile features
[0.901s] -- Detecting C compile features - done
[0.906s] -- Detecting CXX compiler ABI info
[1.058s] -- Detecting CXX compiler ABI info - done
[1.071s] -- Check for working CXX compiler: /usr/bin/c++ - skipped
[1.071s] -- Detecting CXX compile features
[1.072s] -- Detecting CXX compile features - done
[1.101s] -- Found ament_cmake: 1.3.4 (/home/jiyoungseo/ros2_humble/install/ament_cmake/share/ament_cmake/cmake)
[1.738s] -- Found Python3: /usr/bin/python3.10 (found version "3.10.6") found components: Interpreter 
[2.169s] -- Found std_msgs: 4.2.3 (/home/jiyoungseo/ros2_humble/install/std_msgs/share/std_msgs/cmake)
[2.299s] -- Found rosidl_generator_c: 3.1.4 (/home/jiyoungseo/ros2_humble/install/rosidl_generator_c/share/rosidl_generator_c/cmake)
[2.324s] -- Found rosidl_adapter: 3.1.4 (/home/jiyoungseo/ros2_humble/install/rosidl_adapter/share/rosidl_adapter/cmake)
[2.350s] -- Found rosidl_generator_cpp: 3.1.4 (/home/jiyoungseo/ros2_humble/install/rosidl_generator_cpp/share/rosidl_generator_cpp/cmake)
[2.406s] -- Using all available rosidl_typesupport_c: rosidl_typesupport_introspection_c;rosidl_typesupport_fastrtps_c
[2.476s] -- Using all available rosidl_typesupport_cpp: rosidl_typesupport_introspection_cpp;rosidl_typesupport_fastrtps_cpp
[3.274s] -- Found ament_cmake_ros: 0.10.0 (/home/jiyoungseo/ros2_humble/install/ament_cmake_ros/share/ament_cmake_ros/cmake)
[4.297s] -- Using all available rosidl_typesupport_c: rosidl_typesupport_introspection_c;rosidl_typesupport_fastrtps_c
[4.693s] -- Using all available rosidl_typesupport_cpp: rosidl_typesupport_introspection_cpp;rosidl_typesupport_fastrtps_cpp
[4.722s] -- Found ament_lint_auto: 0.12.6 (/home/jiyoungseo/ros2_humble/install/ament_lint_auto/share/ament_lint_auto/cmake)
[4.812s] -- Added test 'lint_cmake' to check CMake code style
[4.817s] -- Added test 'xmllint' to check XML markup files
[4.827s] -- Configuring done
[4.839s] -- Generating done
[4.840s] -- Build files have been written to: /home/jiyoungseo/snuboat_ws/build/snuboat_msgs
[4.847s] Invoked command in '/home/jiyoungseo/snuboat_ws/build/snuboat_msgs' returned '0': CMAKE_PREFIX_PATH=${CMAKE_PREFIX_PATH}:/home/jiyoungseo/xcorps_ws/install/xcorps_nav:/home/jiyoungseo/xcorps_ws/install/microstrain_inertial_rqt:/home/jiyoungseo/control_pkgs/install/x_corps_navigation:/home/jiyoungseo/control_pkgs/install/x_corps_main:/home/jiyoungseo/ros2_humble/install/rqt_bag_plugins:/home/jiyoungseo/ros2_humble/install/rqt_bag:/home/jiyoungseo/ros2_humble/install/ros2bag:/home/jiyoungseo/ros2_humble/install/tracetools_test:/home/jiyoungseo/ros2_humble/install/tracetools_launch:/home/jiyoungseo/ros2_humble/install/topic_monitor:/home/jiyoungseo/ros2_humble/install/tf2_tools:/home/jiyoungseo/ros2_humble/install/examples_tf2_py:/home/jiyoungseo/ros2_humble/install/tf2_ros_py:/home/jiyoungseo/ros2_humble/install/sros2:/home/jiyoungseo/ros2_humble/install/rqt_topic:/home/jiyoungseo/ros2_humble/install/rqt_srv:/home/jiyoungseo/ros2_humble/install/rqt_shell:/home/jiyoungseo/ros2_humble/install/rqt_service_caller:/home/jiyoungseo/ros2_humble/install/rqt_reconfigure:/home/jiyoungseo/ros2_humble/install/rqt_py_console:/home/jiyoungseo/ros2_humble/install/rqt_publisher:/home/jiyoungseo/ros2_humble/install/rqt_plot:/home/jiyoungseo/ros2_humble/install/rqt_action:/home/jiyoungseo/ros2_humble/install/rqt_msg:/home/jiyoungseo/ros2_humble/install/rqt_console:/home/jiyoungseo/ros2_humble/install/rqt:/home/jiyoungseo/ros2_humble/install/rqt_graph:/home/jiyoungseo/ros2_humble/install/rqt_gui_py:/home/jiyoungseo/ros2_humble/install/rqt_gui:/home/jiyoungseo/ros2_humble/install/ros2trace:/home/jiyoungseo/ros2_humble/install/ros2topic:/home/jiyoungseo/ros2_humble/install/ros2test:/home/jiyoungseo/ros2_humble/install/ros2component:/home/jiyoungseo/ros2_humble/install/ros2param:/home/jiyoungseo/ros2_humble/install/ros2lifecycle:/home/jiyoungseo/ros2_humble/install/ros2service:/home/jiyoungseo/ros2_humble/install/ros2run:/home/jiyoungseo/ros2_humble/install/ros2launch:/home/jiyoungseo/ros2_humble/install/ros2pkg:/home/jiyoungseo/ros2_humble/install/ros2node:/home/jiyoungseo/ros2_humble/install/ros2multicast:/home/jiyoungseo/ros2_humble/install/ros2interface:/home/jiyoungseo/ros2_humble/install/ros2doctor:/home/jiyoungseo/ros2_humble/install/ros2action:/home/jiyoungseo/ros2_humble/install/ros2cli:/home/jiyoungseo/ros2_humble/install/quality_of_service_demo_py:/home/jiyoungseo/ros2_humble/install/lifecycle_py:/home/jiyoungseo/ros2_humble/install/launch_testing_ros:/home/jiyoungseo/ros2_humble/install/launch_ros:/home/jiyoungseo/ros2_humble/install/examples_rclpy_pointcloud_publisher:/home/jiyoungseo/ros2_humble/install/examples_rclpy_minimal_subscriber:/home/jiyoungseo/ros2_humble/install/examples_rclpy_minimal_service:/home/jiyoungseo/ros2_humble/install/examples_rclpy_minimal_publisher:/home/jiyoungseo/ros2_humble/install/examples_rclpy_minimal_client:/home/jiyoungseo/ros2_humble/install/examples_rclpy_minimal_action_server:/home/jiyoungseo/ros2_humble/install/examples_rclpy_minimal_action_client:/home/jiyoungseo/ros2_humble/install/examples_rclpy_guard_conditions:/home/jiyoungseo/ros2_humble/install/examples_rclpy_executors:/home/jiyoungseo/ros2_humble/install/demo_nodes_py:/home/jiyoungseo/ros2_humble/install/action_tutorials_py:/home/jiyoungseo/ros2_humble/install/ament_uncrustify:/home/jiyoungseo/ros2_humble/install/tracetools_trace:/home/jiyoungseo/ros2_humble/install/tracetools_read:/home/jiyoungseo/ros2_humble/install/test_tracetools_launch:/home/jiyoungseo/ros2_humble/install/test_launch_ros:/home/jiyoungseo/ros2_humble/install/sensor_msgs_py:/home/jiyoungseo/ros2_humble/install/rpyutils:/home/jiyoungseo/ros2_humble/install/rosidl_runtime_py:/home/jiyoungseo/ros2_humble/install/rosidl_cli:/home/jiyoungseo/ros2_humble/install/launch_pytest:/home/jiyoungseo/ros2_humble/install/launch_testing:/home/jiyoungseo/ros2_humble/install/launch_yaml:/home/jiyoungseo/ros2_humble/install/launch_xml:/home/jiyoungseo/ros2_humble/install/launch:/home/jiyoungseo/ros2_humble/install/osrf_pycommon:/home/jiyoungseo/ros2_humble/install/launch_testing_examples:/home/jiyoungseo/ros2_humble/install/domain_coordinator:/home/jiyoungseo/ros2_humble/install/ament_xmllint:/home/jiyoungseo/ros2_humble/install/ament_pyflakes:/home/jiyoungseo/ros2_humble/install/ament_pycodestyle:/home/jiyoungseo/ros2_humble/install/ament_pep257:/home/jiyoungseo/ros2_humble/install/ament_pclint:/home/jiyoungseo/ros2_humble/install/ament_package:/home/jiyoungseo/ros2_humble/install/ament_mypy:/home/jiyoungseo/ros2_humble/install/ament_lint_cmake:/home/jiyoungseo/ros2_humble/install/ament_flake8:/home/jiyoungseo/ros2_humble/install/ament_copyright:/home/jiyoungseo/ros2_humble/install/ament_lint:/home/jiyoungseo/ros2_humble/install/ament_index_python:/home/jiyoungseo/ros2_humble/install/ament_cpplint:/home/jiyoungseo/ros2_humble/install/ament_cppcheck:/home/jiyoungseo/ros2_humble/install/ament_clang_tidy:/home/jiyoungseo/ros2_humble/install/ament_clang_format:/opt/ros/humble /usr/bin/cmake /home/jiyoungseo/snuboat_ws/src/snuboat_msgs -DCMAKE_INSTALL_PREFIX=/home/jiyoungseo/snuboat_ws/install/snuboat_msgs
[4.849s] Invoking command in '/home/jiyoungseo/snuboat_ws/build/snuboat_msgs': CMAKE_PREFIX_PATH=${CMAKE_PREFIX_PATH}:/home/jiyoungseo/xcorps_ws/install/xcorps_nav:/home/jiyoungseo/xcorps_ws/install/microstrain_inertial_rqt:/home/jiyoungseo/control_pkgs/install/x_corps_navigation:/home/jiyoungseo/control_pkgs/install/x_corps_main:/home/jiyoungseo/ros2_humble/install/rqt_bag_plugins:/home/jiyoungseo/ros2_humble/install/rqt_bag:/home/jiyoungseo/ros2_humble/install/ros2bag:/home/jiyoungseo/ros2_humble/install/tracetools_test:/home/jiyoungseo/ros2_humble/install/tracetools_launch:/home/jiyoungseo/ros2_humble/install/topic_monitor:/home/jiyoungseo/ros2_humble/install/tf2_tools:/home/jiyoungseo/ros2_humble/install/examples_tf2_py:/home/jiyoungseo/ros2_humble/install/tf2_ros_py:/home/jiyoungseo/ros2_humble/install/sros2:/home/jiyoungseo/ros2_humble/install/rqt_topic:/home/jiyoungseo/ros2_humble/install/rqt_srv:/home/jiyoungseo/ros2_humble/install/rqt_shell:/home/jiyoungseo/ros2_humble/install/rqt_service_caller:/home/jiyoungseo/ros2_humble/install/rqt_reconfigure:/home/jiyoungseo/ros2_humble/install/rqt_py_console:/home/jiyoungseo/ros2_humble/install/rqt_publisher:/home/jiyoungseo/ros2_humble/install/rqt_plot:/home/jiyoungseo/ros2_humble/install/rqt_action:/home/jiyoungseo/ros2_humble/install/rqt_msg:/home/jiyoungseo/ros2_humble/install/rqt_console:/home/jiyoungseo/ros2_humble/install/rqt:/home/jiyoungseo/ros2_humble/install/rqt_graph:/home/jiyoungseo/ros2_humble/install/rqt_gui_py:/home/jiyoungseo/ros2_humble/install/rqt_gui:/home/jiyoungseo/ros2_humble/install/ros2trace:/home/jiyoungseo/ros2_humble/install/ros2topic:/home/jiyoungseo/ros2_humble/install/ros2test:/home/jiyoungseo/ros2_humble/install/ros2component:/home/jiyoungseo/ros2_humble/install/ros2param:/home/jiyoungseo/ros2_humble/install/ros2lifecycle:/home/jiyoungseo/ros2_humble/install/ros2service:/home/jiyoungseo/ros2_humble/install/ros2run:/home/jiyoungseo/ros2_humble/install/ros2launch:/home/jiyoungseo/ros2_humble/install/ros2pkg:/home/jiyoungseo/ros2_humble/install/ros2node:/home/jiyoungseo/ros2_humble/install/ros2multicast:/home/jiyoungseo/ros2_humble/install/ros2interface:/home/jiyoungseo/ros2_humble/install/ros2doctor:/home/jiyoungseo/ros2_humble/install/ros2action:/home/jiyoungseo/ros2_humble/install/ros2cli:/home/jiyoungseo/ros2_humble/install/quality_of_service_demo_py:/home/jiyoungseo/ros2_humble/install/lifecycle_py:/home/jiyoungseo/ros2_humble/install/launch_testing_ros:/home/jiyoungseo/ros2_humble/install/launch_ros:/home/jiyoungseo/ros2_humble/install/examples_rclpy_pointcloud_publisher:/home/jiyoungseo/ros2_humble/install/examples_rclpy_minimal_subscriber:/home/jiyoungseo/ros2_humble/install/examples_rclpy_minimal_service:/home/jiyoungseo/ros2_humble/install/examples_rclpy_minimal_publisher:/home/jiyoungseo/ros2_humble/install/examples_rclpy_minimal_client:/home/jiyoungseo/ros2_humble/install/examples_rclpy_minimal_action_server:/home/jiyoungseo/ros2_humble/install/examples_rclpy_minimal_action_client:/home/jiyoungseo/ros2_humble/install/examples_rclpy_guard_conditions:/home/jiyoungseo/ros2_humble/install/examples_rclpy_executors:/home/jiyoungseo/ros2_humble/install/demo_nodes_py:/home/jiyoungseo/ros2_humble/install/action_tutorials_py:/home/jiyoungseo/ros2_humble/install/ament_uncrustify:/home/jiyoungseo/ros2_humble/install/tracetools_trace:/home/jiyoungseo/ros2_humble/install/tracetools_read:/home/jiyoungseo/ros2_humble/install/test_tracetools_launch:/home/jiyoungseo/ros2_humble/install/test_launch_ros:/home/jiyoungseo/ros2_humble/install/sensor_msgs_py:/home/jiyoungseo/ros2_humble/install/rpyutils:/home/jiyoungseo/ros2_humble/install/rosidl_runtime_py:/home/jiyoungseo/ros2_humble/install/rosidl_cli:/home/jiyoungseo/ros2_humble/install/launch_pytest:/home/jiyoungseo/ros2_humble/install/launch_testing:/home/jiyoungseo/ros2_humble/install/launch_yaml:/home/jiyoungseo/ros2_humble/install/launch_xml:/home/jiyoungseo/ros2_humble/install/launch:/home/jiyoungseo/ros2_humble/install/osrf_pycommon:/home/jiyoungseo/ros2_humble/install/launch_testing_examples:/home/jiyoungseo/ros2_humble/install/domain_coordinator:/home/jiyoungseo/ros2_humble/install/ament_xmllint:/home/jiyoungseo/ros2_humble/install/ament_pyflakes:/home/jiyoungseo/ros2_humble/install/ament_pycodestyle:/home/jiyoungseo/ros2_humble/install/ament_pep257:/home/jiyoungseo/ros2_humble/install/ament_pclint:/home/jiyoungseo/ros2_humble/install/ament_package:/home/jiyoungseo/ros2_humble/install/ament_mypy:/home/jiyoungseo/ros2_humble/install/ament_lint_cmake:/home/jiyoungseo/ros2_humble/install/ament_flake8:/home/jiyoungseo/ros2_humble/install/ament_copyright:/home/jiyoungseo/ros2_humble/install/ament_lint:/home/jiyoungseo/ros2_humble/install/ament_index_python:/home/jiyoungseo/ros2_humble/install/ament_cpplint:/home/jiyoungseo/ros2_humble/install/ament_cppcheck:/home/jiyoungseo/ros2_humble/install/ament_clang_tidy:/home/jiyoungseo/ros2_humble/install/ament_clang_format:/opt/ros/humble /usr/bin/cmake --build /home/jiyoungseo/snuboat_ws/build/snuboat_msgs -- -j64 -l64
[4.943s] [  4%] [34m[1mGenerating C code for ROS interfaces[0m
[4.977s] [  9%] [34m[1mGenerating C++ code for ROS interfaces[0m
[5.332s] [  9%] Built target snuboat_msgs__cpp
[5.339s] [ 13%] [32mBuilding C object CMakeFiles/snuboat_msgs__rosidl_generator_c.dir/rosidl_generator_c/snuboat_msgs/msg/detail/obstacles__functions.c.o[0m
[5.364s] [ 18%] [34m[1mGenerating C++ type support for eProsima Fast-RTPS[0m
[5.366s] [ 27%] [34m[1mGenerating C++ introspection for ROS interfaces[0m
[5.367s] [ 27%] [34m[1mGenerating C++ type support dispatch for ROS interfaces[0m
[5.424s] [ 31%] [32m[1mLinking C shared library libsnuboat_msgs__rosidl_generator_c.so[0m
[5.494s] [ 31%] Built target snuboat_msgs__rosidl_generator_c
[5.523s] [ 40%] [34m[1mGenerating C introspection for ROS interfaces[0m
[5.524s] [ 40%] [34m[1mGenerating C type support dispatch for ROS interfaces[0m
[5.530s] [ 45%] [34m[1mGenerating C type support for eProsima Fast-RTPS[0m
[5.712s] [ 50%] [32mBuilding CXX object CMakeFiles/snuboat_msgs__rosidl_typesupport_cpp.dir/rosidl_typesupport_cpp/snuboat_msgs/msg/obstacles__type_support.cpp.o[0m
[5.721s] [ 54%] [32mBuilding CXX object CMakeFiles/snuboat_msgs__rosidl_typesupport_introspection_cpp.dir/rosidl_typesupport_introspection_cpp/snuboat_msgs/msg/detail/obstacles__type_support.cpp.o[0m
[5.756s] [ 59%] [32mBuilding CXX object CMakeFiles/snuboat_msgs__rosidl_typesupport_fastrtps_cpp.dir/rosidl_typesupport_fastrtps_cpp/snuboat_msgs/msg/detail/dds_fastrtps/obstacles__type_support.cpp.o[0m
[5.850s] [ 63%] [32mBuilding CXX object CMakeFiles/snuboat_msgs__rosidl_typesupport_c.dir/rosidl_typesupport_c/snuboat_msgs/msg/obstacles__type_support.cpp.o[0m
[5.874s] [ 68%] [32mBuilding C object CMakeFiles/snuboat_msgs__rosidl_typesupport_introspection_c.dir/rosidl_typesupport_introspection_c/snuboat_msgs/msg/detail/obstacles__type_support.c.o[0m
[5.880s] [ 72%] [32mBuilding CXX object CMakeFiles/snuboat_msgs__rosidl_typesupport_fastrtps_c.dir/rosidl_typesupport_fastrtps_c/snuboat_msgs/msg/detail/obstacles__type_support_c.cpp.o[0m
[5.919s] [ 77%] [32m[1mLinking CXX shared library libsnuboat_msgs__rosidl_typesupport_c.so[0m
[5.939s] [ 81%] [32m[1mLinking CXX shared library libsnuboat_msgs__rosidl_typesupport_cpp.so[0m
[5.943s] [ 86%] [32m[1mLinking C shared library libsnuboat_msgs__rosidl_typesupport_introspection_c.so[0m
[5.998s] [ 86%] Built target snuboat_msgs__rosidl_typesupport_c
[6.015s] [ 86%] Built target snuboat_msgs__rosidl_typesupport_introspection_c
[6.019s] [ 86%] Built target snuboat_msgs__rosidl_typesupport_cpp
[6.053s] [ 90%] [32m[1mLinking CXX shared library libsnuboat_msgs__rosidl_typesupport_introspection_cpp.so[0m
[6.092s] [ 95%] [32m[1mLinking CXX shared library libsnuboat_msgs__rosidl_typesupport_fastrtps_cpp.so[0m
[6.152s] [100%] [32m[1mLinking CXX shared library libsnuboat_msgs__rosidl_typesupport_fastrtps_c.so[0m
[6.167s] [100%] Built target snuboat_msgs__rosidl_typesupport_fastrtps_cpp
[6.176s] [100%] Built target snuboat_msgs__rosidl_typesupport_introspection_cpp
[6.269s] [100%] Built target snuboat_msgs__rosidl_typesupport_fastrtps_c
[6.331s] [100%] Built target snuboat_msgs
[6.357s] Invoked command in '/home/jiyoungseo/snuboat_ws/build/snuboat_msgs' returned '0': CMAKE_PREFIX_PATH=${CMAKE_PREFIX_PATH}:/home/jiyoungseo/xcorps_ws/install/xcorps_nav:/home/jiyoungseo/xcorps_ws/install/microstrain_inertial_rqt:/home/jiyoungseo/control_pkgs/install/x_corps_navigation:/home/jiyoungseo/control_pkgs/install/x_corps_main:/home/jiyoungseo/ros2_humble/install/rqt_bag_plugins:/home/jiyoungseo/ros2_humble/install/rqt_bag:/home/jiyoungseo/ros2_humble/install/ros2bag:/home/jiyoungseo/ros2_humble/install/tracetools_test:/home/jiyoungseo/ros2_humble/install/tracetools_launch:/home/jiyoungseo/ros2_humble/install/topic_monitor:/home/jiyoungseo/ros2_humble/install/tf2_tools:/home/jiyoungseo/ros2_humble/install/examples_tf2_py:/home/jiyoungseo/ros2_humble/install/tf2_ros_py:/home/jiyoungseo/ros2_humble/install/sros2:/home/jiyoungseo/ros2_humble/install/rqt_topic:/home/jiyoungseo/ros2_humble/install/rqt_srv:/home/jiyoungseo/ros2_humble/install/rqt_shell:/home/jiyoungseo/ros2_humble/install/rqt_service_caller:/home/jiyoungseo/ros2_humble/install/rqt_reconfigure:/home/jiyoungseo/ros2_humble/install/rqt_py_console:/home/jiyoungseo/ros2_humble/install/rqt_publisher:/home/jiyoungseo/ros2_humble/install/rqt_plot:/home/jiyoungseo/ros2_humble/install/rqt_action:/home/jiyoungseo/ros2_humble/install/rqt_msg:/home/jiyoungseo/ros2_humble/install/rqt_console:/home/jiyoungseo/ros2_humble/install/rqt:/home/jiyoungseo/ros2_humble/install/rqt_graph:/home/jiyoungseo/ros2_humble/install/rqt_gui_py:/home/jiyoungseo/ros2_humble/install/rqt_gui:/home/jiyoungseo/ros2_humble/install/ros2trace:/home/jiyoungseo/ros2_humble/install/ros2topic:/home/jiyoungseo/ros2_humble/install/ros2test:/home/jiyoungseo/ros2_humble/install/ros2component:/home/jiyoungseo/ros2_humble/install/ros2param:/home/jiyoungseo/ros2_humble/install/ros2lifecycle:/home/jiyoungseo/ros2_humble/install/ros2service:/home/jiyoungseo/ros2_humble/install/ros2run:/home/jiyoungseo/ros2_humble/install/ros2launch:/home/jiyoungseo/ros2_humble/install/ros2pkg:/home/jiyoungseo/ros2_humble/install/ros2node:/home/jiyoungseo/ros2_humble/install/ros2multicast:/home/jiyoungseo/ros2_humble/install/ros2interface:/home/jiyoungseo/ros2_humble/install/ros2doctor:/home/jiyoungseo/ros2_humble/install/ros2action:/home/jiyoungseo/ros2_humble/install/ros2cli:/home/jiyoungseo/ros2_humble/install/quality_of_service_demo_py:/home/jiyoungseo/ros2_humble/install/lifecycle_py:/home/jiyoungseo/ros2_humble/install/launch_testing_ros:/home/jiyoungseo/ros2_humble/install/launch_ros:/home/jiyoungseo/ros2_humble/install/examples_rclpy_pointcloud_publisher:/home/jiyoungseo/ros2_humble/install/examples_rclpy_minimal_subscriber:/home/jiyoungseo/ros2_humble/install/examples_rclpy_minimal_service:/home/jiyoungseo/ros2_humble/install/examples_rclpy_minimal_publisher:/home/jiyoungseo/ros2_humble/install/examples_rclpy_minimal_client:/home/jiyoungseo/ros2_humble/install/examples_rclpy_minimal_action_server:/home/jiyoungseo/ros2_humble/install/examples_rclpy_minimal_action_client:/home/jiyoungseo/ros2_humble/install/examples_rclpy_guard_conditions:/home/jiyoungseo/ros2_humble/install/examples_rclpy_executors:/home/jiyoungseo/ros2_humble/install/demo_nodes_py:/home/jiyoungseo/ros2_humble/install/action_tutorials_py:/home/jiyoungseo/ros2_humble/install/ament_uncrustify:/home/jiyoungseo/ros2_humble/install/tracetools_trace:/home/jiyoungseo/ros2_humble/install/tracetools_read:/home/jiyoungseo/ros2_humble/install/test_tracetools_launch:/home/jiyoungseo/ros2_humble/install/test_launch_ros:/home/jiyoungseo/ros2_humble/install/sensor_msgs_py:/home/jiyoungseo/ros2_humble/install/rpyutils:/home/jiyoungseo/ros2_humble/install/rosidl_runtime_py:/home/jiyoungseo/ros2_humble/install/rosidl_cli:/home/jiyoungseo/ros2_humble/install/launch_pytest:/home/jiyoungseo/ros2_humble/install/launch_testing:/home/jiyoungseo/ros2_humble/install/launch_yaml:/home/jiyoungseo/ros2_humble/install/launch_xml:/home/jiyoungseo/ros2_humble/install/launch:/home/jiyoungseo/ros2_humble/install/osrf_pycommon:/home/jiyoungseo/ros2_humble/install/launch_testing_examples:/home/jiyoungseo/ros2_humble/install/domain_coordinator:/home/jiyoungseo/ros2_humble/install/ament_xmllint:/home/jiyoungseo/ros2_humble/install/ament_pyflakes:/home/jiyoungseo/ros2_humble/install/ament_pycodestyle:/home/jiyoungseo/ros2_humble/install/ament_pep257:/home/jiyoungseo/ros2_humble/install/ament_pclint:/home/jiyoungseo/ros2_humble/install/ament_package:/home/jiyoungseo/ros2_humble/install/ament_mypy:/home/jiyoungseo/ros2_humble/install/ament_lint_cmake:/home/jiyoungseo/ros2_humble/install/ament_flake8:/home/jiyoungseo/ros2_humble/install/ament_copyright:/home/jiyoungseo/ros2_humble/install/ament_lint:/home/jiyoungseo/ros2_humble/install/ament_index_python:/home/jiyoungseo/ros2_humble/install/ament_cpplint:/home/jiyoungseo/ros2_humble/install/ament_cppcheck:/home/jiyoungseo/ros2_humble/install/ament_clang_tidy:/home/jiyoungseo/ros2_humble/install/ament_clang_format:/opt/ros/humble /usr/bin/cmake --build /home/jiyoungseo/snuboat_ws/build/snuboat_msgs -- -j64 -l64
[6.593s] Invoking command in '/home/jiyoungseo/snuboat_ws/build/snuboat_msgs': CMAKE_PREFIX_PATH=${CMAKE_PREFIX_PATH}:/home/jiyoungseo/xcorps_ws/install/xcorps_nav:/home/jiyoungseo/xcorps_ws/install/microstrain_inertial_rqt:/home/jiyoungseo/control_pkgs/install/x_corps_navigation:/home/jiyoungseo/control_pkgs/install/x_corps_main:/home/jiyoungseo/ros2_humble/install/rqt_bag_plugins:/home/jiyoungseo/ros2_humble/install/rqt_bag:/home/jiyoungseo/ros2_humble/install/ros2bag:/home/jiyoungseo/ros2_humble/install/tracetools_test:/home/jiyoungseo/ros2_humble/install/tracetools_launch:/home/jiyoungseo/ros2_humble/install/topic_monitor:/home/jiyoungseo/ros2_humble/install/tf2_tools:/home/jiyoungseo/ros2_humble/install/examples_tf2_py:/home/jiyoungseo/ros2_humble/install/tf2_ros_py:/home/jiyoungseo/ros2_humble/install/sros2:/home/jiyoungseo/ros2_humble/install/rqt_topic:/home/jiyoungseo/ros2_humble/install/rqt_srv:/home/jiyoungseo/ros2_humble/install/rqt_shell:/home/jiyoungseo/ros2_humble/install/rqt_service_caller:/home/jiyoungseo/ros2_humble/install/rqt_reconfigure:/home/jiyoungseo/ros2_humble/install/rqt_py_console:/home/jiyoungseo/ros2_humble/install/rqt_publisher:/home/jiyoungseo/ros2_humble/install/rqt_plot:/home/jiyoungseo/ros2_humble/install/rqt_action:/home/jiyoungseo/ros2_humble/install/rqt_msg:/home/jiyoungseo/ros2_humble/install/rqt_console:/home/jiyoungseo/ros2_humble/install/rqt:/home/jiyoungseo/ros2_humble/install/rqt_graph:/home/jiyoungseo/ros2_humble/install/rqt_gui_py:/home/jiyoungseo/ros2_humble/install/rqt_gui:/home/jiyoungseo/ros2_humble/install/ros2trace:/home/jiyoungseo/ros2_humble/install/ros2topic:/home/jiyoungseo/ros2_humble/install/ros2test:/home/jiyoungseo/ros2_humble/install/ros2component:/home/jiyoungseo/ros2_humble/install/ros2param:/home/jiyoungseo/ros2_humble/install/ros2lifecycle:/home/jiyoungseo/ros2_humble/install/ros2service:/home/jiyoungseo/ros2_humble/install/ros2run:/home/jiyoungseo/ros2_humble/install/ros2launch:/home/jiyoungseo/ros2_humble/install/ros2pkg:/home/jiyoungseo/ros2_humble/install/ros2node:/home/jiyoungseo/ros2_humble/install/ros2multicast:/home/jiyoungseo/ros2_humble/install/ros2interface:/home/jiyoungseo/ros2_humble/install/ros2doctor:/home/jiyoungseo/ros2_humble/install/ros2action:/home/jiyoungseo/ros2_humble/install/ros2cli:/home/jiyoungseo/ros2_humble/install/quality_of_service_demo_py:/home/jiyoungseo/ros2_humble/install/lifecycle_py:/home/jiyoungseo/ros2_humble/install/launch_testing_ros:/home/jiyoungseo/ros2_humble/install/launch_ros:/home/jiyoungseo/ros2_humble/install/examples_rclpy_pointcloud_publisher:/home/jiyoungseo/ros2_humble/install/examples_rclpy_minimal_subscriber:/home/jiyoungseo/ros2_humble/install/examples_rclpy_minimal_service:/home/jiyoungseo/ros2_humble/install/examples_rclpy_minimal_publisher:/home/jiyoungseo/ros2_humble/install/examples_rclpy_minimal_client:/home/jiyoungseo/ros2_humble/install/examples_rclpy_minimal_action_server:/home/jiyoungseo/ros2_humble/install/examples_rclpy_minimal_action_client:/home/jiyoungseo/ros2_humble/install/examples_rclpy_guard_conditions:/home/jiyoungseo/ros2_humble/install/examples_rclpy_executors:/home/jiyoungseo/ros2_humble/install/demo_nodes_py:/home/jiyoungseo/ros2_humble/install/action_tutorials_py:/home/jiyoungseo/ros2_humble/install/ament_uncrustify:/home/jiyoungseo/ros2_humble/install/tracetools_trace:/home/jiyoungseo/ros2_humble/install/tracetools_read:/home/jiyoungseo/ros2_humble/install/test_tracetools_launch:/home/jiyoungseo/ros2_humble/install/test_launch_ros:/home/jiyoungseo/ros2_humble/install/sensor_msgs_py:/home/jiyoungseo/ros2_humble/install/rpyutils:/home/jiyoungseo/ros2_humble/install/rosidl_runtime_py:/home/jiyoungseo/ros2_humble/install/rosidl_cli:/home/jiyoungseo/ros2_humble/install/launch_pytest:/home/jiyoungseo/ros2_humble/install/launch_testing:/home/jiyoungseo/ros2_humble/install/launch_yaml:/home/jiyoungseo/ros2_humble/install/launch_xml:/home/jiyoungseo/ros2_humble/install/launch:/home/jiyoungseo/ros2_humble/install/osrf_pycommon:/home/jiyoungseo/ros2_humble/install/launch_testing_examples:/home/jiyoungseo/ros2_humble/install/domain_coordinator:/home/jiyoungseo/ros2_humble/install/ament_xmllint:/home/jiyoungseo/ros2_humble/install/ament_pyflakes:/home/jiyoungseo/ros2_humble/install/ament_pycodestyle:/home/jiyoungseo/ros2_humble/install/ament_pep257:/home/jiyoungseo/ros2_humble/install/ament_pclint:/home/jiyoungseo/ros2_humble/install/ament_package:/home/jiyoungseo/ros2_humble/install/ament_mypy:/home/jiyoungseo/ros2_humble/install/ament_lint_cmake:/home/jiyoungseo/ros2_humble/install/ament_flake8:/home/jiyoungseo/ros2_humble/install/ament_copyright:/home/jiyoungseo/ros2_humble/install/ament_lint:/home/jiyoungseo/ros2_humble/install/ament_index_python:/home/jiyoungseo/ros2_humble/install/ament_cpplint:/home/jiyoungseo/ros2_humble/install/ament_cppcheck:/home/jiyoungseo/ros2_humble/install/ament_clang_tidy:/home/jiyoungseo/ros2_humble/install/ament_clang_format:/opt/ros/humble /usr/bin/cmake --install /home/jiyoungseo/snuboat_ws/build/snuboat_msgs
[6.612s] -- Install configuration: ""
[6.612s] -- Installing: /home/jiyoungseo/snuboat_ws/install/snuboat_msgs/share/ament_index/resource_index/rosidl_interfaces/snuboat_msgs
[6.612s] -- Installing: /home/jiyoungseo/snuboat_ws/install/snuboat_msgs/include/snuboat_msgs/snuboat_msgs
[6.612s] -- Installing: /home/jiyoungseo/snuboat_ws/install/snuboat_msgs/include/snuboat_msgs/snuboat_msgs/msg
[6.612s] -- Installing: /home/jiyoungseo/snuboat_ws/install/snuboat_msgs/include/snuboat_msgs/snuboat_msgs/msg/obstacles.h
[6.612s] -- Installing: /home/jiyoungseo/snuboat_ws/install/snuboat_msgs/include/snuboat_msgs/snuboat_msgs/msg/detail
[6.612s] -- Installing: /home/jiyoungseo/snuboat_ws/install/snuboat_msgs/include/snuboat_msgs/snuboat_msgs/msg/detail/obstacles__functions.c
[6.612s] -- Installing: /home/jiyoungseo/snuboat_ws/install/snuboat_msgs/include/snuboat_msgs/snuboat_msgs/msg/detail/obstacles__functions.h
[6.612s] -- Installing: /home/jiyoungseo/snuboat_ws/install/snuboat_msgs/include/snuboat_msgs/snuboat_msgs/msg/detail/obstacles__struct.h
[6.613s] -- Installing: /home/jiyoungseo/snuboat_ws/install/snuboat_msgs/include/snuboat_msgs/snuboat_msgs/msg/detail/obstacles__type_support.h
[6.613s] -- Installing: /home/jiyoungseo/snuboat_ws/install/snuboat_msgs/include/snuboat_msgs/snuboat_msgs/msg/rosidl_generator_c__visibility_control.h
[6.613s] -- Installing: /home/jiyoungseo/snuboat_ws/install/snuboat_msgs/share/snuboat_msgs/environment/library_path.sh
[6.613s] -- Installing: /home/jiyoungseo/snuboat_ws/install/snuboat_msgs/share/snuboat_msgs/environment/library_path.dsv
[6.614s] -- Installing: /home/jiyoungseo/snuboat_ws/install/snuboat_msgs/lib/libsnuboat_msgs__rosidl_generator_c.so
[6.615s] -- Set runtime path of "/home/jiyoungseo/snuboat_ws/install/snuboat_msgs/lib/libsnuboat_msgs__rosidl_generator_c.so" to ""
[6.615s] -- Up-to-date: /home/jiyoungseo/snuboat_ws/install/snuboat_msgs/include/snuboat_msgs/snuboat_msgs
[6.615s] -- Up-to-date: /home/jiyoungseo/snuboat_ws/install/snuboat_msgs/include/snuboat_msgs/snuboat_msgs/msg
[6.615s] -- Up-to-date: /home/jiyoungseo/snuboat_ws/install/snuboat_msgs/include/snuboat_msgs/snuboat_msgs/msg/detail
[6.615s] -- Installing: /home/jiyoungseo/snuboat_ws/install/snuboat_msgs/include/snuboat_msgs/snuboat_msgs/msg/detail/obstacles__rosidl_typesupport_fastrtps_c.h
[6.615s] -- Installing: /home/jiyoungseo/snuboat_ws/install/snuboat_msgs/include/snuboat_msgs/snuboat_msgs/msg/rosidl_typesupport_fastrtps_c__visibility_control.h
[6.615s] -- Installing: /home/jiyoungseo/snuboat_ws/install/snuboat_msgs/lib/libsnuboat_msgs__rosidl_typesupport_fastrtps_c.so
[6.616s] -- Set runtime path of "/home/jiyoungseo/snuboat_ws/install/snuboat_msgs/lib/libsnuboat_msgs__rosidl_typesupport_fastrtps_c.so" to ""
[6.616s] -- Up-to-date: /home/jiyoungseo/snuboat_ws/install/snuboat_msgs/include/snuboat_msgs/snuboat_msgs
[6.616s] -- Up-to-date: /home/jiyoungseo/snuboat_ws/install/snuboat_msgs/include/snuboat_msgs/snuboat_msgs/msg
[6.616s] -- Up-to-date: /home/jiyoungseo/snuboat_ws/install/snuboat_msgs/include/snuboat_msgs/snuboat_msgs/msg/detail
[6.616s] -- Installing: /home/jiyoungseo/snuboat_ws/install/snuboat_msgs/include/snuboat_msgs/snuboat_msgs/msg/detail/obstacles__builder.hpp
[6.616s] -- Installing: /home/jiyoungseo/snuboat_ws/install/snuboat_msgs/include/snuboat_msgs/snuboat_msgs/msg/detail/obstacles__traits.hpp
[6.616s] -- Installing: /home/jiyoungseo/snuboat_ws/install/snuboat_msgs/include/snuboat_msgs/snuboat_msgs/msg/detail/obstacles__struct.hpp
[6.616s] -- Installing: /home/jiyoungseo/snuboat_ws/install/snuboat_msgs/include/snuboat_msgs/snuboat_msgs/msg/obstacles.hpp
[6.616s] -- Up-to-date: /home/jiyoungseo/snuboat_ws/install/snuboat_msgs/include/snuboat_msgs/snuboat_msgs
[6.616s] -- Up-to-date: /home/jiyoungseo/snuboat_ws/install/snuboat_msgs/include/snuboat_msgs/snuboat_msgs/msg
[6.616s] -- Installing: /home/jiyoungseo/snuboat_ws/install/snuboat_msgs/include/snuboat_msgs/snuboat_msgs/msg/rosidl_typesupport_fastrtps_cpp__visibility_control.h
[6.616s] -- Up-to-date: /home/jiyoungseo/snuboat_ws/install/snuboat_msgs/include/snuboat_msgs/snuboat_msgs/msg/detail
[6.617s] -- Installing: /home/jiyoungseo/snuboat_ws/install/snuboat_msgs/include/snuboat_msgs/snuboat_msgs/msg/detail/dds_fastrtps
[6.617s] -- Installing: /home/jiyoungseo/snuboat_ws/install/snuboat_msgs/include/snuboat_msgs/snuboat_msgs/msg/detail/obstacles__rosidl_typesupport_fastrtps_cpp.hpp
[6.617s] -- Installing: /home/jiyoungseo/snuboat_ws/install/snuboat_msgs/lib/libsnuboat_msgs__rosidl_typesupport_fastrtps_cpp.so
[6.617s] -- Set runtime path of "/home/jiyoungseo/snuboat_ws/install/snuboat_msgs/lib/libsnuboat_msgs__rosidl_typesupport_fastrtps_cpp.so" to ""
[6.617s] -- Up-to-date: /home/jiyoungseo/snuboat_ws/install/snuboat_msgs/include/snuboat_msgs/snuboat_msgs
[6.617s] -- Up-to-date: /home/jiyoungseo/snuboat_ws/install/snuboat_msgs/include/snuboat_msgs/snuboat_msgs/msg
[6.617s] -- Up-to-date: /home/jiyoungseo/snuboat_ws/install/snuboat_msgs/include/snuboat_msgs/snuboat_msgs/msg/detail
[6.617s] -- Installing: /home/jiyoungseo/snuboat_ws/install/snuboat_msgs/include/snuboat_msgs/snuboat_msgs/msg/detail/obstacles__type_support.c
[6.618s] -- Installing: /home/jiyoungseo/snuboat_ws/install/snuboat_msgs/include/snuboat_msgs/snuboat_msgs/msg/detail/obstacles__rosidl_typesupport_introspection_c.h
[6.618s] -- Installing: /home/jiyoungseo/snuboat_ws/install/snuboat_msgs/include/snuboat_msgs/snuboat_msgs/msg/rosidl_typesupport_introspection_c__visibility_control.h
[6.618s] -- Installing: /home/jiyoungseo/snuboat_ws/install/snuboat_msgs/lib/libsnuboat_msgs__rosidl_typesupport_introspection_c.so
[6.618s] -- Set runtime path of "/home/jiyoungseo/snuboat_ws/install/snuboat_msgs/lib/libsnuboat_msgs__rosidl_typesupport_introspection_c.so" to ""
[6.618s] -- Installing: /home/jiyoungseo/snuboat_ws/install/snuboat_msgs/lib/libsnuboat_msgs__rosidl_typesupport_c.so
[6.619s] -- Set runtime path of "/home/jiyoungseo/snuboat_ws/install/snuboat_msgs/lib/libsnuboat_msgs__rosidl_typesupport_c.so" to ""
[6.619s] -- Up-to-date: /home/jiyoungseo/snuboat_ws/install/snuboat_msgs/include/snuboat_msgs/snuboat_msgs
[6.619s] -- Up-to-date: /home/jiyoungseo/snuboat_ws/install/snuboat_msgs/include/snuboat_msgs/snuboat_msgs/msg
[6.619s] -- Up-to-date: /home/jiyoungseo/snuboat_ws/install/snuboat_msgs/include/snuboat_msgs/snuboat_msgs/msg/detail
[6.619s] -- Installing: /home/jiyoungseo/snuboat_ws/install/snuboat_msgs/include/snuboat_msgs/snuboat_msgs/msg/detail/obstacles__type_support.cpp
[6.619s] -- Installing: /home/jiyoungseo/snuboat_ws/install/snuboat_msgs/include/snuboat_msgs/snuboat_msgs/msg/detail/obstacles__rosidl_typesupport_introspection_cpp.hpp
[6.619s] -- Installing: /home/jiyoungseo/snuboat_ws/install/snuboat_msgs/lib/libsnuboat_msgs__rosidl_typesupport_introspection_cpp.so
[6.619s] -- Set runtime path of "/home/jiyoungseo/snuboat_ws/install/snuboat_msgs/lib/libsnuboat_msgs__rosidl_typesupport_introspection_cpp.so" to ""
[6.620s] -- Installing: /home/jiyoungseo/snuboat_ws/install/snuboat_msgs/lib/libsnuboat_msgs__rosidl_typesupport_cpp.so
[6.620s] -- Set runtime path of "/home/jiyoungseo/snuboat_ws/install/snuboat_msgs/lib/libsnuboat_msgs__rosidl_typesupport_cpp.so" to ""
[6.620s] -- Installing: /home/jiyoungseo/snuboat_ws/install/snuboat_msgs/share/snuboat_msgs/msg/Obstacles.idl
[6.620s] -- Installing: /home/jiyoungseo/snuboat_ws/install/snuboat_msgs/share/snuboat_msgs/msg/Obstacles.msg
[6.620s] -- Installing: /home/jiyoungseo/snuboat_ws/install/snuboat_msgs/share/ament_index/resource_index/package_run_dependencies/snuboat_msgs
[6.621s] -- Installing: /home/jiyoungseo/snuboat_ws/install/snuboat_msgs/share/ament_index/resource_index/parent_prefix_path/snuboat_msgs
[6.621s] -- Installing: /home/jiyoungseo/snuboat_ws/install/snuboat_msgs/share/snuboat_msgs/environment/ament_prefix_path.sh
[6.621s] -- Installing: /home/jiyoungseo/snuboat_ws/install/snuboat_msgs/share/snuboat_msgs/environment/ament_prefix_path.dsv
[6.621s] -- Installing: /home/jiyoungseo/snuboat_ws/install/snuboat_msgs/share/snuboat_msgs/environment/path.sh
[6.621s] -- Installing: /home/jiyoungseo/snuboat_ws/install/snuboat_msgs/share/snuboat_msgs/environment/path.dsv
[6.621s] -- Installing: /home/jiyoungseo/snuboat_ws/install/snuboat_msgs/share/snuboat_msgs/local_setup.bash
[6.621s] -- Installing: /home/jiyoungseo/snuboat_ws/install/snuboat_msgs/share/snuboat_msgs/local_setup.sh
[6.622s] -- Installing: /home/jiyoungseo/snuboat_ws/install/snuboat_msgs/share/snuboat_msgs/local_setup.zsh
[6.622s] -- Installing: /home/jiyoungseo/snuboat_ws/install/snuboat_msgs/share/snuboat_msgs/local_setup.dsv
[6.622s] -- Installing: /home/jiyoungseo/snuboat_ws/install/snuboat_msgs/share/snuboat_msgs/package.dsv
[6.622s] -- Installing: /home/jiyoungseo/snuboat_ws/install/snuboat_msgs/share/ament_index/resource_index/packages/snuboat_msgs
[6.622s] -- Installing: /home/jiyoungseo/snuboat_ws/install/snuboat_msgs/share/snuboat_msgs/cmake/export_snuboat_msgs__rosidl_generator_cExport.cmake
[6.622s] -- Installing: /home/jiyoungseo/snuboat_ws/install/snuboat_msgs/share/snuboat_msgs/cmake/export_snuboat_msgs__rosidl_generator_cExport-noconfig.cmake
[6.622s] -- Installing: /home/jiyoungseo/snuboat_ws/install/snuboat_msgs/share/snuboat_msgs/cmake/export_snuboat_msgs__rosidl_typesupport_fastrtps_cExport.cmake
[6.623s] -- Installing: /home/jiyoungseo/snuboat_ws/install/snuboat_msgs/share/snuboat_msgs/cmake/export_snuboat_msgs__rosidl_typesupport_fastrtps_cExport-noconfig.cmake
[6.623s] -- Installing: /home/jiyoungseo/snuboat_ws/install/snuboat_msgs/share/snuboat_msgs/cmake/export_snuboat_msgs__rosidl_generator_cppExport.cmake
[6.623s] -- Installing: /home/jiyoungseo/snuboat_ws/install/snuboat_msgs/share/snuboat_msgs/cmake/export_snuboat_msgs__rosidl_typesupport_fastrtps_cppExport.cmake
[6.623s] -- Installing: /home/jiyoungseo/snuboat_ws/install/snuboat_msgs/share/snuboat_msgs/cmake/export_snuboat_msgs__rosidl_typesupport_fastrtps_cppExport-noconfig.cmake
[6.623s] -- Installing: /home/jiyoungseo/snuboat_ws/install/snuboat_msgs/share/snuboat_msgs/cmake/snuboat_msgs__rosidl_typesupport_introspection_cExport.cmake
[6.624s] -- Installing: /home/jiyoungseo/snuboat_ws/install/snuboat_msgs/share/snuboat_msgs/cmake/snuboat_msgs__rosidl_typesupport_introspection_cExport-noconfig.cmake
[6.624s] -- Installing: /home/jiyoungseo/snuboat_ws/install/snuboat_msgs/share/snuboat_msgs/cmake/snuboat_msgs__rosidl_typesupport_cExport.cmake
[6.624s] -- Installing: /home/jiyoungseo/snuboat_ws/install/snuboat_msgs/share/snuboat_msgs/cmake/snuboat_msgs__rosidl_typesupport_cExport-noconfig.cmake
[6.624s] -- Installing: /home/jiyoungseo/snuboat_ws/install/snuboat_msgs/share/snuboat_msgs/cmake/snuboat_msgs__rosidl_typesupport_introspection_cppExport.cmake
[6.624s] -- Installing: /home/jiyoungseo/snuboat_ws/install/snuboat_msgs/share/snuboat_msgs/cmake/snuboat_msgs__rosidl_typesupport_introspection_cppExport-noconfig.cmake
[6.624s] -- Installing: /home/jiyoungseo/snuboat_ws/install/snuboat_msgs/share/snuboat_msgs/cmake/snuboat_msgs__rosidl_typesupport_cppExport.cmake
[6.624s] -- Installing: /home/jiyoungseo/snuboat_ws/install/snuboat_msgs/share/snuboat_msgs/cmake/snuboat_msgs__rosidl_typesupport_cppExport-noconfig.cmake
[6.625s] -- Installing: /home/jiyoungseo/snuboat_ws/install/snuboat_msgs/share/snuboat_msgs/cmake/rosidl_cmake-extras.cmake
[6.625s] -- Installing: /home/jiyoungseo/snuboat_ws/install/snuboat_msgs/share/snuboat_msgs/cmake/ament_cmake_export_include_directories-extras.cmake
[6.625s] -- Installing: /home/jiyoungseo/snuboat_ws/install/snuboat_msgs/share/snuboat_msgs/cmake/ament_cmake_export_libraries-extras.cmake
[6.625s] -- Installing: /home/jiyoungseo/snuboat_ws/install/snuboat_msgs/share/snuboat_msgs/cmake/ament_cmake_export_targets-extras.cmake
[6.625s] -- Installing: /home/jiyoungseo/snuboat_ws/install/snuboat_msgs/share/snuboat_msgs/cmake/rosidl_cmake_export_typesupport_targets-extras.cmake
[6.625s] -- Installing: /home/jiyoungseo/snuboat_ws/install/snuboat_msgs/share/snuboat_msgs/cmake/ament_cmake_export_dependencies-extras.cmake
[6.626s] -- Installing: /home/jiyoungseo/snuboat_ws/install/snuboat_msgs/share/snuboat_msgs/cmake/rosidl_cmake_export_typesupport_libraries-extras.cmake
[6.626s] -- Installing: /home/jiyoungseo/snuboat_ws/install/snuboat_msgs/share/snuboat_msgs/cmake/snuboat_msgsConfig.cmake
[6.626s] -- Installing: /home/jiyoungseo/snuboat_ws/install/snuboat_msgs/share/snuboat_msgs/cmake/snuboat_msgsConfig-version.cmake
[6.626s] -- Installing: /home/jiyoungseo/snuboat_ws/install/snuboat_msgs/share/snuboat_msgs/package.xml
[6.634s] Invoked command in '/home/jiyoungseo/snuboat_ws/build/snuboat_msgs' returned '0': CMAKE_PREFIX_PATH=${CMAKE_PREFIX_PATH}:/home/jiyoungseo/xcorps_ws/install/xcorps_nav:/home/jiyoungseo/xcorps_ws/install/microstrain_inertial_rqt:/home/jiyoungseo/control_pkgs/install/x_corps_navigation:/home/jiyoungseo/control_pkgs/install/x_corps_main:/home/jiyoungseo/ros2_humble/install/rqt_bag_plugins:/home/jiyoungseo/ros2_humble/install/rqt_bag:/home/jiyoungseo/ros2_humble/install/ros2bag:/home/jiyoungseo/ros2_humble/install/tracetools_test:/home/jiyoungseo/ros2_humble/install/tracetools_launch:/home/jiyoungseo/ros2_humble/install/topic_monitor:/home/jiyoungseo/ros2_humble/install/tf2_tools:/home/jiyoungseo/ros2_humble/install/examples_tf2_py:/home/jiyoungseo/ros2_humble/install/tf2_ros_py:/home/jiyoungseo/ros2_humble/install/sros2:/home/jiyoungseo/ros2_humble/install/rqt_topic:/home/jiyoungseo/ros2_humble/install/rqt_srv:/home/jiyoungseo/ros2_humble/install/rqt_shell:/home/jiyoungseo/ros2_humble/install/rqt_service_caller:/home/jiyoungseo/ros2_humble/install/rqt_reconfigure:/home/jiyoungseo/ros2_humble/install/rqt_py_console:/home/jiyoungseo/ros2_humble/install/rqt_publisher:/home/jiyoungseo/ros2_humble/install/rqt_plot:/home/jiyoungseo/ros2_humble/install/rqt_action:/home/jiyoungseo/ros2_humble/install/rqt_msg:/home/jiyoungseo/ros2_humble/install/rqt_console:/home/jiyoungseo/ros2_humble/install/rqt:/home/jiyoungseo/ros2_humble/install/rqt_graph:/home/jiyoungseo/ros2_humble/install/rqt_gui_py:/home/jiyoungseo/ros2_humble/install/rqt_gui:/home/jiyoungseo/ros2_humble/install/ros2trace:/home/jiyoungseo/ros2_humble/install/ros2topic:/home/jiyoungseo/ros2_humble/install/ros2test:/home/jiyoungseo/ros2_humble/install/ros2component:/home/jiyoungseo/ros2_humble/install/ros2param:/home/jiyoungseo/ros2_humble/install/ros2lifecycle:/home/jiyoungseo/ros2_humble/install/ros2service:/home/jiyoungseo/ros2_humble/install/ros2run:/home/jiyoungseo/ros2_humble/install/ros2launch:/home/jiyoungseo/ros2_humble/install/ros2pkg:/home/jiyoungseo/ros2_humble/install/ros2node:/home/jiyoungseo/ros2_humble/install/ros2multicast:/home/jiyoungseo/ros2_humble/install/ros2interface:/home/jiyoungseo/ros2_humble/install/ros2doctor:/home/jiyoungseo/ros2_humble/install/ros2action:/home/jiyoungseo/ros2_humble/install/ros2cli:/home/jiyoungseo/ros2_humble/install/quality_of_service_demo_py:/home/jiyoungseo/ros2_humble/install/lifecycle_py:/home/jiyoungseo/ros2_humble/install/launch_testing_ros:/home/jiyoungseo/ros2_humble/install/launch_ros:/home/jiyoungseo/ros2_humble/install/examples_rclpy_pointcloud_publisher:/home/jiyoungseo/ros2_humble/install/examples_rclpy_minimal_subscriber:/home/jiyoungseo/ros2_humble/install/examples_rclpy_minimal_service:/home/jiyoungseo/ros2_humble/install/examples_rclpy_minimal_publisher:/home/jiyoungseo/ros2_humble/install/examples_rclpy_minimal_client:/home/jiyoungseo/ros2_humble/install/examples_rclpy_minimal_action_server:/home/jiyoungseo/ros2_humble/install/examples_rclpy_minimal_action_client:/home/jiyoungseo/ros2_humble/install/examples_rclpy_guard_conditions:/home/jiyoungseo/ros2_humble/install/examples_rclpy_executors:/home/jiyoungseo/ros2_humble/install/demo_nodes_py:/home/jiyoungseo/ros2_humble/install/action_tutorials_py:/home/jiyoungseo/ros2_humble/install/ament_uncrustify:/home/jiyoungseo/ros2_humble/install/tracetools_trace:/home/jiyoungseo/ros2_humble/install/tracetools_read:/home/jiyoungseo/ros2_humble/install/test_tracetools_launch:/home/jiyoungseo/ros2_humble/install/test_launch_ros:/home/jiyoungseo/ros2_humble/install/sensor_msgs_py:/home/jiyoungseo/ros2_humble/install/rpyutils:/home/jiyoungseo/ros2_humble/install/rosidl_runtime_py:/home/jiyoungseo/ros2_humble/install/rosidl_cli:/home/jiyoungseo/ros2_humble/install/launch_pytest:/home/jiyoungseo/ros2_humble/install/launch_testing:/home/jiyoungseo/ros2_humble/install/launch_yaml:/home/jiyoungseo/ros2_humble/install/launch_xml:/home/jiyoungseo/ros2_humble/install/launch:/home/jiyoungseo/ros2_humble/install/osrf_pycommon:/home/jiyoungseo/ros2_humble/install/launch_testing_examples:/home/jiyoungseo/ros2_humble/install/domain_coordinator:/home/jiyoungseo/ros2_humble/install/ament_xmllint:/home/jiyoungseo/ros2_humble/install/ament_pyflakes:/home/jiyoungseo/ros2_humble/install/ament_pycodestyle:/home/jiyoungseo/ros2_humble/install/ament_pep257:/home/jiyoungseo/ros2_humble/install/ament_pclint:/home/jiyoungseo/ros2_humble/install/ament_package:/home/jiyoungseo/ros2_humble/install/ament_mypy:/home/jiyoungseo/ros2_humble/install/ament_lint_cmake:/home/jiyoungseo/ros2_humble/install/ament_flake8:/home/jiyoungseo/ros2_humble/install/ament_copyright:/home/jiyoungseo/ros2_humble/install/ament_lint:/home/jiyoungseo/ros2_humble/install/ament_index_python:/home/jiyoungseo/ros2_humble/install/ament_cpplint:/home/jiyoungseo/ros2_humble/install/ament_cppcheck:/home/jiyoungseo/ros2_humble/install/ament_clang_tidy:/home/jiyoungseo/ros2_humble/install/ament_clang_format:/opt/ros/humble /usr/bin/cmake --install /home/jiyoungseo/snuboat_ws/build/snuboat_msgs
