[1.555s] Invoking command in '/home/jiyoungseo/snuboat_ws/src/snuboat_gps_rtk': PYTHONPATH=/home/jiyoungseo/snuboat_ws/build/snuboat_gps_rtk/prefix_override:/home/jiyoungseo/snuboat_ws/install/snuboat_gps_rtk/lib/python3.10/site-packages:${PYTHONPATH} /usr/bin/python3 setup.py egg_info --egg-base ../../build/snuboat_gps_rtk build --build-base /home/jiyoungseo/snuboat_ws/build/snuboat_gps_rtk/build install --record /home/jiyoungseo/snuboat_ws/build/snuboat_gps_rtk/install.log --single-version-externally-managed
[1.947s] running egg_info
[1.947s] creating ../../build/snuboat_gps_rtk/snuboat_gps_rtk.egg-info
[1.947s] writing ../../build/snuboat_gps_rtk/snuboat_gps_rtk.egg-info/PKG-INFO
[1.947s] writing dependency_links to ../../build/snuboat_gps_rtk/snuboat_gps_rtk.egg-info/dependency_links.txt
[1.948s] writing entry points to ../../build/snuboat_gps_rtk/snuboat_gps_rtk.egg-info/entry_points.txt
[1.948s] writing requirements to ../../build/snuboat_gps_rtk/snuboat_gps_rtk.egg-info/requires.txt
[1.948s] writing top-level names to ../../build/snuboat_gps_rtk/snuboat_gps_rtk.egg-info/top_level.txt
[1.948s] writing manifest file '../../build/snuboat_gps_rtk/snuboat_gps_rtk.egg-info/SOURCES.txt'
[1.949s] reading manifest file '../../build/snuboat_gps_rtk/snuboat_gps_rtk.egg-info/SOURCES.txt'
[1.949s] writing manifest file '../../build/snuboat_gps_rtk/snuboat_gps_rtk.egg-info/SOURCES.txt'
[1.949s] running build
[1.949s] running build_py
[1.950s] creating /home/jiyoungseo/snuboat_ws/build/snuboat_gps_rtk/build
[1.950s] creating /home/jiyoungseo/snuboat_ws/build/snuboat_gps_rtk/build/lib
[1.950s] creating /home/jiyoungseo/snuboat_ws/build/snuboat_gps_rtk/build/lib/snuboat_gps_rtk
[1.950s] copying snuboat_gps_rtk/__init__.py -> /home/jiyoungseo/snuboat_ws/build/snuboat_gps_rtk/build/lib/snuboat_gps_rtk
[1.950s] copying snuboat_gps_rtk/snuboat_gps_rtk.py -> /home/jiyoungseo/snuboat_ws/build/snuboat_gps_rtk/build/lib/snuboat_gps_rtk
[1.950s] running install
[1.950s] running install_lib
[1.950s] creating /home/jiyoungseo/snuboat_ws/install/snuboat_gps_rtk/lib/python3.10/site-packages/snuboat_gps_rtk
[1.950s] copying /home/jiyoungseo/snuboat_ws/build/snuboat_gps_rtk/build/lib/snuboat_gps_rtk/__init__.py -> /home/jiyoungseo/snuboat_ws/install/snuboat_gps_rtk/lib/python3.10/site-packages/snuboat_gps_rtk
[1.951s] copying /home/jiyoungseo/snuboat_ws/build/snuboat_gps_rtk/build/lib/snuboat_gps_rtk/snuboat_gps_rtk.py -> /home/jiyoungseo/snuboat_ws/install/snuboat_gps_rtk/lib/python3.10/site-packages/snuboat_gps_rtk
[1.952s] byte-compiling /home/jiyoungseo/snuboat_ws/install/snuboat_gps_rtk/lib/python3.10/site-packages/snuboat_gps_rtk/__init__.py to __init__.cpython-310.pyc
[1.953s] byte-compiling /home/jiyoungseo/snuboat_ws/install/snuboat_gps_rtk/lib/python3.10/site-packages/snuboat_gps_rtk/snuboat_gps_rtk.py to snuboat_gps_rtk.cpython-310.pyc
[1.953s] running install_data
[1.953s] creating /home/jiyoungseo/snuboat_ws/install/snuboat_gps_rtk/share/ament_index
[1.953s] creating /home/jiyoungseo/snuboat_ws/install/snuboat_gps_rtk/share/ament_index/resource_index
[1.954s] creating /home/jiyoungseo/snuboat_ws/install/snuboat_gps_rtk/share/ament_index/resource_index/packages
[1.954s] copying resource/snuboat_gps_rtk -> /home/jiyoungseo/snuboat_ws/install/snuboat_gps_rtk/share/ament_index/resource_index/packages
[1.954s] copying package.xml -> /home/jiyoungseo/snuboat_ws/install/snuboat_gps_rtk/share/snuboat_gps_rtk
[1.954s] running install_egg_info
[1.955s] Copying ../../build/snuboat_gps_rtk/snuboat_gps_rtk.egg-info to /home/jiyoungseo/snuboat_ws/install/snuboat_gps_rtk/lib/python3.10/site-packages/snuboat_gps_rtk-0.0.0-py3.10.egg-info
[1.956s] running install_scripts
[1.984s] Installing snuboat_gps_rtk script to /home/jiyoungseo/snuboat_ws/install/snuboat_gps_rtk/lib/snuboat_gps_rtk
[1.984s] writing list of installed files to '/home/jiyoungseo/snuboat_ws/build/snuboat_gps_rtk/install.log'
[2.003s] Invoked command in '/home/jiyoungseo/snuboat_ws/src/snuboat_gps_rtk' returned '0': PYTHONPATH=/home/jiyoungseo/snuboat_ws/build/snuboat_gps_rtk/prefix_override:/home/jiyoungseo/snuboat_ws/install/snuboat_gps_rtk/lib/python3.10/site-packages:${PYTHONPATH} /usr/bin/python3 setup.py egg_info --egg-base ../../build/snuboat_gps_rtk build --build-base /home/jiyoungseo/snuboat_ws/build/snuboat_gps_rtk/build install --record /home/jiyoungseo/snuboat_ws/build/snuboat_gps_rtk/install.log --single-version-externally-managed
